[1.780s] Invoking command in '/home/pi/ros2_ws/build/redshow_control': PYTHONPATH=/home/pi/ros2_ws/build/redshow_control/prefix_override:/usr/lib/python3/dist-packages/colcon_core/task/python/colcon_distutils_commands:/home/pi/ros2_ws/install/redshow_control/lib/python3.12/site-packages:${PYTHONPATH} /usr/bin/python3 -W ignore:setup.py install is deprecated -W ignore:easy_install command is deprecated setup.py develop --editable --build-directory /home/pi/ros2_ws/build/redshow_control/build --no-deps symlink_data
[2.322s] running develop
[2.606s] running egg_info
[2.635s] writing redshow_control.egg-info/PKG-INFO
[2.635s] writing dependency_links to redshow_control.egg-info/dependency_links.txt
[2.635s] writing entry points to redshow_control.egg-info/entry_points.txt
[2.636s] writing requirements to redshow_control.egg-info/requires.txt
[2.636s] writing top-level names to redshow_control.egg-info/top_level.txt
[2.691s] reading manifest file 'redshow_control.egg-info/SOURCES.txt'
[2.692s] writing manifest file 'redshow_control.egg-info/SOURCES.txt'
[2.721s] running build_ext
[2.721s] Creating /home/pi/ros2_ws/install/redshow_control/lib/python3.12/site-packages/redshow-control.egg-link (link to .)
[2.722s] Installing bno085_node script to /home/pi/ros2_ws/install/redshow_control/lib/redshow_control
[2.722s] Installing bno085_test_node script to /home/pi/ros2_ws/install/redshow_control/lib/redshow_control
[2.723s] Installing redshow_control_node script to /home/pi/ros2_ws/install/redshow_control/lib/redshow_control
[2.723s] Installing test_adaptation_module_publisher script to /home/pi/ros2_ws/install/redshow_control/lib/redshow_control
[2.723s] Installing test_feedback_publisher script to /home/pi/ros2_ws/install/redshow_control/lib/redshow_control
[2.723s] 
[2.723s] Installed /home/pi/ros2_ws/build/redshow_control
[2.724s] running symlink_data
[2.881s] Invoked command in '/home/pi/ros2_ws/build/redshow_control' returned '0': PYTHONPATH=/home/pi/ros2_ws/build/redshow_control/prefix_override:/usr/lib/python3/dist-packages/colcon_core/task/python/colcon_distutils_commands:/home/pi/ros2_ws/install/redshow_control/lib/python3.12/site-packages:${PYTHONPATH} /usr/bin/python3 -W ignore:setup.py install is deprecated -W ignore:easy_install command is deprecated setup.py develop --editable --build-directory /home/pi/ros2_ws/build/redshow_control/build --no-deps symlink_data
