[2.279s] Invoking command in '/home/pi/ros2_ws/build/redshow_control': PYTHONPATH=/home/pi/ros2_ws/build/redshow_control/prefix_override:/usr/lib/python3/dist-packages/colcon_core/task/python/colcon_distutils_commands:/home/pi/ros2_ws/install/redshow_control/lib/python3.12/site-packages:${PYTHONPATH} /usr/bin/python3 -W ignore:setup.py install is deprecated -W ignore:easy_install command is deprecated setup.py develop --editable --build-directory /home/pi/ros2_ws/build/redshow_control/build --no-deps symlink_data
[2.787s] running develop
[3.072s] running egg_info
[3.101s] writing redshow_control.egg-info/PKG-INFO
[3.103s] writing dependency_links to redshow_control.egg-info/dependency_links.txt
[3.103s] writing entry points to redshow_control.egg-info/entry_points.txt
[3.103s] writing requirements to redshow_control.egg-info/requires.txt
[3.104s] writing top-level names to redshow_control.egg-info/top_level.txt
[3.160s] reading manifest file 'redshow_control.egg-info/SOURCES.txt'
[3.161s] writing manifest file 'redshow_control.egg-info/SOURCES.txt'
[3.191s] running build_ext
[3.191s] Creating /home/pi/ros2_ws/install/redshow_control/lib/python3.12/site-packages/redshow-control.egg-link (link to .)
[3.193s] Installing bno085_node script to /home/pi/ros2_ws/install/redshow_control/lib/redshow_control
[3.193s] Installing bno085_test_node script to /home/pi/ros2_ws/install/redshow_control/lib/redshow_control
[3.194s] Installing redshow_control_node script to /home/pi/ros2_ws/install/redshow_control/lib/redshow_control
[3.194s] Installing test_adaptation_module_publisher script to /home/pi/ros2_ws/install/redshow_control/lib/redshow_control
[3.194s] Installing test_feedback_publisher script to /home/pi/ros2_ws/install/redshow_control/lib/redshow_control
[3.195s] 
[3.195s] Installed /home/pi/ros2_ws/build/redshow_control
[3.195s] running symlink_data
[3.408s] Invoked command in '/home/pi/ros2_ws/build/redshow_control' returned '0': PYTHONPATH=/home/pi/ros2_ws/build/redshow_control/prefix_override:/usr/lib/python3/dist-packages/colcon_core/task/python/colcon_distutils_commands:/home/pi/ros2_ws/install/redshow_control/lib/python3.12/site-packages:${PYTHONPATH} /usr/bin/python3 -W ignore:setup.py install is deprecated -W ignore:easy_install command is deprecated setup.py develop --editable --build-directory /home/pi/ros2_ws/build/redshow_control/build --no-deps symlink_data
