[1.771s] Invoking command in '/home/pi/ros2_ws/build/redshow_control': PYTHONPATH=/home/pi/ros2_ws/build/redshow_control/prefix_override:/usr/lib/python3/dist-packages/colcon_core/task/python/colcon_distutils_commands:/home/pi/ros2_ws/install/redshow_control/lib/python3.12/site-packages:${PYTHONPATH} /usr/bin/python3 -W ignore:setup.py install is deprecated -W ignore:easy_install command is deprecated setup.py develop --editable --build-directory /home/pi/ros2_ws/build/redshow_control/build --no-deps symlink_data
[2.266s] running develop
[2.542s] running egg_info
[2.542s] creating redshow_control.egg-info
[2.571s] writing redshow_control.egg-info/PKG-INFO
[2.572s] writing dependency_links to redshow_control.egg-info/dependency_links.txt
[2.572s] writing entry points to redshow_control.egg-info/entry_points.txt
[2.573s] writing requirements to redshow_control.egg-info/requires.txt
[2.573s] writing top-level names to redshow_control.egg-info/top_level.txt
[2.573s] writing manifest file 'redshow_control.egg-info/SOURCES.txt'
[2.628s] reading manifest file 'redshow_control.egg-info/SOURCES.txt'
[2.629s] writing manifest file 'redshow_control.egg-info/SOURCES.txt'
[2.659s] running build_ext
[2.659s] Creating /home/pi/ros2_ws/install/redshow_control/lib/python3.12/site-packages/redshow-control.egg-link (link to .)
[2.660s] Installing bno085_node script to /home/pi/ros2_ws/install/redshow_control/lib/redshow_control
[2.660s] Installing bno085_test_node script to /home/pi/ros2_ws/install/redshow_control/lib/redshow_control
[2.661s] Installing redshow_control_node script to /home/pi/ros2_ws/install/redshow_control/lib/redshow_control
[2.661s] Installing test_adaptation_module_publisher script to /home/pi/ros2_ws/install/redshow_control/lib/redshow_control
[2.661s] Installing test_feedback_publisher script to /home/pi/ros2_ws/install/redshow_control/lib/redshow_control
[2.661s] 
[2.662s] Installed /home/pi/ros2_ws/build/redshow_control
[2.662s] running symlink_data
[2.662s] creating /home/pi/ros2_ws/install/redshow_control/share/ament_index
[2.665s] creating /home/pi/ros2_ws/install/redshow_control/share/ament_index/resource_index
[2.665s] creating /home/pi/ros2_ws/install/redshow_control/share/ament_index/resource_index/packages
[2.665s] symbolically linking /home/pi/ros2_ws/build/redshow_control/resource/redshow_control -> /home/pi/ros2_ws/install/redshow_control/share/ament_index/resource_index/packages
[2.665s] symbolically linking /home/pi/ros2_ws/build/redshow_control/package.xml -> /home/pi/ros2_ws/install/redshow_control/share/redshow_control
[2.665s] creating /home/pi/ros2_ws/install/redshow_control/share/redshow_control/launch
[2.665s] symbolically linking /home/pi/ros2_ws/build/redshow_control/launch/control.launch.py -> /home/pi/ros2_ws/install/redshow_control/share/redshow_control/launch
[2.853s] Invoked command in '/home/pi/ros2_ws/build/redshow_control' returned '0': PYTHONPATH=/home/pi/ros2_ws/build/redshow_control/prefix_override:/usr/lib/python3/dist-packages/colcon_core/task/python/colcon_distutils_commands:/home/pi/ros2_ws/install/redshow_control/lib/python3.12/site-packages:${PYTHONPATH} /usr/bin/python3 -W ignore:setup.py install is deprecated -W ignore:easy_install command is deprecated setup.py develop --editable --build-directory /home/pi/ros2_ws/build/redshow_control/build --no-deps symlink_data
