[0.000000] (-) TimerEvent: {}
[0.000114] (-) JobUnselected: {'identifier': 'redshow_control'}
[0.000261] (redshow_gui) JobQueued: {'identifier': 'redshow_gui', 'dependencies': OrderedDict()}
[0.000693] (redshow_gui) JobStarted: {'identifier': 'redshow_gui'}
[0.099698] (-) TimerEvent: {}
[0.199977] (-) TimerEvent: {}
[0.300543] (-) TimerEvent: {}
[0.400869] (-) TimerEvent: {}
[0.501182] (-) TimerEvent: {}
[0.601462] (-) TimerEvent: {}
[0.701866] (-) TimerEvent: {}
[0.802156] (-) TimerEvent: {}
[0.902404] (-) TimerEvent: {}
[1.002674] (-) TimerEvent: {}
[1.102915] (-) TimerEvent: {}
[1.203177] (-) TimerEvent: {}
[1.303435] (-) TimerEvent: {}
[1.306855] (redshow_gui) Command: {'cmd': ['/usr/bin/python3', '-W', 'ignore:setup.py install is deprecated', '-W', 'ignore:easy_install command is deprecated', 'setup.py', 'develop', '--editable', '--build-directory', '/home/pi/ros2_ws/build/redshow_gui/build', '--no-deps', 'symlink_data'], 'cwd': '/home/pi/ros2_ws/build/redshow_gui', 'env': {'LESSOPEN': '| /usr/bin/lesspipe %s', 'VSCODE_CWD': '/home/pi', 'VSCODE_ESM_ENTRYPOINT': 'vs/workbench/api/node/extensionHostProcess', 'USER': 'pi', 'SSH_CLIENT': '10.239.232.11 35676 22', 'LC_TIME': 'ko_KR.UTF-8', 'VSCODE_NLS_CONFIG': '{"userLocale":"en","osLocale":"en","resolvedLanguage":"en","defaultMessagesFile":"/home/pi/.cursor-server/bin/f5edf5b2fdaaf0f44d324fa092a32515ce114c90/out/nls.messages.json","locale":"en","availableLanguages":{}}', 'VSCODE_HANDLES_UNCAUGHT_ERRORS': 'true', 'XDG_SESSION_TYPE': 'tty', 'SHLVL': '2', 'LD_LIBRARY_PATH': '/opt/ros/jazzy/opt/rviz_ogre_vendor/lib:/opt/ros/jazzy/lib/aarch64-linux-gnu:/opt/ros/jazzy/opt/gz_math_vendor/lib:/opt/ros/jazzy/opt/gz_utils_vendor/lib:/opt/ros/jazzy/opt/gz_cmake_vendor/lib:/opt/ros/jazzy/lib', 'BROWSER': '/home/pi/.cursor-server/bin/f5edf5b2fdaaf0f44d324fa092a32515ce114c90/bin/helpers/browser.sh', 'HOME': '/home/pi', 'OLDPWD': '/home/pi/ros2_ws', 'VSCODE_IPC_HOOK_CLI': '/run/user/1000/vscode-ipc-1c1b8d03-a572-42e2-ad4e-944398d0254e.sock', 'ROS_PYTHON_VERSION': '3', 'LC_MONETARY': 'ko_KR.UTF-8', 'NO_COLOR': '1', 'DBUS_SESSION_BUS_ADDRESS': 'unix:path=/run/user/1000/bus', 'ROS_DISTRO': 'jazzy', 'LOGNAME': 'pi', 'FORCE_COLOR': '0', 'VSCODE_HANDLES_SIGPIPE': 'true', '_': '/usr/bin/colcon', 'ROS_VERSION': '2', 'XDG_SESSION_CLASS': 'user', 'TERM': 'dumb', 'XDG_SESSION_ID': '1', 'COMPOSER_NO_INTERACTION': '1', 'PATH': '/opt/ros/jazzy/bin:/home/pi/.local/bin:/home/pi/.cursor-server/bin/f5edf5b2fdaaf0f44d324fa092a32515ce114c90/bin/remote-cli:/home/pi/.local/bin:/home/pi/.cursor-server/bin/f5edf5b2fdaaf0f44d324fa092a32515ce114c90/bin/remote-cli:/home/pi/.local/bin:/usr/local/sbin:/usr/local/bin:/usr/sbin:/usr/bin:/sbin:/bin:/usr/games:/usr/local/games:/snap/bin', 'VSCODE_AGENT_FOLDER': '/home/pi/.cursor-server', 'LC_ADDRESS': 'ko_KR.UTF-8', 'XDG_RUNTIME_DIR': '/run/user/1000', 'CURSOR_AGENT': '1', 'LANG': 'en_US.UTF-8', 'LC_TELEPHONE': 'ko_KR.UTF-8', 'LS_COLORS': '', 'AMENT_PREFIX_PATH': '/opt/ros/jazzy', 'SHELL': '/bin/bash', 'LC_NAME': 'ko_KR.UTF-8', 'VSCODE_SERVER_SHUTDOWN_TIMEOUT': '300', 'LESSCLOSE': '/usr/bin/lesspipe %s %s', 'LC_MEASUREMENT': 'ko_KR.UTF-8', 'LC_IDENTIFICATION': 'ko_KR.UTF-8', 'ROS_AUTOMATIC_DISCOVERY_RANGE': 'SUBNET', 'PWD': '/home/pi/ros2_ws/build/redshow_gui', 'LC_ALL': 'en_US.UTF-8', 'SSH_CONNECTION': '10.239.232.11 35676 10.239.232.249 22', 'XDG_DATA_DIRS': '/usr/local/share:/usr/share:/var/lib/snapd/desktop', 'PYTHONPATH': '/home/pi/ros2_ws/build/redshow_gui/prefix_override:/usr/lib/python3/dist-packages/colcon_core/task/python/colcon_distutils_commands:/home/pi/ros2_ws/install/redshow_gui/lib/python3.12/site-packages:/opt/ros/jazzy/lib/python3.12/site-packages', 'LC_NUMERIC': 'ko_KR.UTF-8', 'LC_PAPER': 'ko_KR.UTF-8', 'COLCON': '1', '_ZO_DOCTOR': '0', 'CMAKE_PREFIX_PATH': '/opt/ros/jazzy/opt/gz_math_vendor:/opt/ros/jazzy/opt/gz_utils_vendor:/opt/ros/jazzy/opt/gz_cmake_vendor'}, 'shell': False}
[1.403537] (-) TimerEvent: {}
[1.503771] (-) TimerEvent: {}
[1.603993] (-) TimerEvent: {}
[1.704255] (-) TimerEvent: {}
[1.753258] (redshow_gui) StdoutLine: {'line': b'running develop\n'}
[1.804350] (-) TimerEvent: {}
[1.904623] (-) TimerEvent: {}
[2.004883] (-) TimerEvent: {}
[2.035053] (redshow_gui) StdoutLine: {'line': b'running egg_info\n'}
[2.064622] (redshow_gui) StdoutLine: {'line': b'writing redshow_gui.egg-info/PKG-INFO\n'}
[2.065055] (redshow_gui) StdoutLine: {'line': b'writing dependency_links to redshow_gui.egg-info/dependency_links.txt\n'}
[2.068110] (redshow_gui) StdoutLine: {'line': b'writing entry points to redshow_gui.egg-info/entry_points.txt\n'}
[2.069028] (redshow_gui) StdoutLine: {'line': b'writing requirements to redshow_gui.egg-info/requires.txt\n'}
[2.069823] (redshow_gui) StdoutLine: {'line': b'writing top-level names to redshow_gui.egg-info/top_level.txt\n'}
[2.104992] (-) TimerEvent: {}
[2.124625] (redshow_gui) StdoutLine: {'line': b"reading manifest file 'redshow_gui.egg-info/SOURCES.txt'\n"}
[2.125677] (redshow_gui) StdoutLine: {'line': b"writing manifest file 'redshow_gui.egg-info/SOURCES.txt'\n"}
[2.153249] (redshow_gui) StdoutLine: {'line': b'running build_ext\n'}
[2.153508] (redshow_gui) StdoutLine: {'line': b'Creating /home/pi/ros2_ws/install/redshow_gui/lib/python3.12/site-packages/redshow-gui.egg-link (link to .)\n'}
[2.154371] (redshow_gui) StdoutLine: {'line': b'Installing redshow_gui script to /home/pi/ros2_ws/install/redshow_gui/lib/redshow_gui\n'}
[2.154823] (redshow_gui) StdoutLine: {'line': b'\n'}
[2.154949] (redshow_gui) StdoutLine: {'line': b'Installed /home/pi/ros2_ws/build/redshow_gui\n'}
[2.155160] (redshow_gui) StdoutLine: {'line': b'running symlink_data\n'}
[2.205150] (-) TimerEvent: {}
[2.247271] (redshow_gui) CommandEnded: {'returncode': 0}
[2.267765] (redshow_gui) JobEnded: {'identifier': 'redshow_gui', 'rc': 0}
[2.268911] (-) EventReactorShutdown: {}
