[0.397s] Invoking command in '/home/hansol/redshow/build/redshow_control': CONDA_PROMPT_MODIFIER=(isaaclab) PYTHONPATH=/home/hansol/redshow/build/redshow_control/prefix_override:/usr/lib/python3/dist-packages/colcon_core/task/python/colcon_distutils_commands:/home/hansol/redshow/install/redshow_control/lib/python3.10/site-packages:${PYTHONPATH} /usr/bin/python3 -W ignore:setup.py install is deprecated -W ignore:easy_install command is deprecated setup.py develop --editable --build-directory /home/hansol/redshow/build/redshow_control/build --no-deps symlink_data
[0.506s] running develop
[0.563s] running egg_info
[0.563s] creating redshow_control.egg-info
[0.563s] writing redshow_control.egg-info/PKG-INFO
[0.563s] writing dependency_links to redshow_control.egg-info/dependency_links.txt
[0.563s] writing entry points to redshow_control.egg-info/entry_points.txt
[0.564s] writing requirements to redshow_control.egg-info/requires.txt
[0.564s] writing top-level names to redshow_control.egg-info/top_level.txt
[0.564s] writing manifest file 'redshow_control.egg-info/SOURCES.txt'
[0.564s] reading manifest file 'redshow_control.egg-info/SOURCES.txt'
[0.564s] writing manifest file 'redshow_control.egg-info/SOURCES.txt'
[0.565s] running build_ext
[0.565s] Creating /home/hansol/redshow/install/redshow_control/lib/python3.10/site-packages/redshow-control.egg-link (link to .)
[0.565s] Installing redshow_control_node script to /home/hansol/redshow/install/redshow_control/lib/redshow_control
[0.565s] 
[0.565s] Installed /home/hansol/redshow/build/redshow_control
[0.565s] running symlink_data
[0.565s] creating /home/hansol/redshow/install/redshow_control/share/ament_index
[0.565s] creating /home/hansol/redshow/install/redshow_control/share/ament_index/resource_index
[0.566s] creating /home/hansol/redshow/install/redshow_control/share/ament_index/resource_index/packages
[0.566s] symbolically linking /home/hansol/redshow/build/redshow_control/resource/redshow_control -> /home/hansol/redshow/install/redshow_control/share/ament_index/resource_index/packages
[0.566s] symbolically linking /home/hansol/redshow/build/redshow_control/package.xml -> /home/hansol/redshow/install/redshow_control/share/redshow_control
[0.579s] Invoked command in '/home/hansol/redshow/build/redshow_control' returned '0': CONDA_PROMPT_MODIFIER=(isaaclab) PYTHONPATH=/home/hansol/redshow/build/redshow_control/prefix_override:/usr/lib/python3/dist-packages/colcon_core/task/python/colcon_distutils_commands:/home/hansol/redshow/install/redshow_control/lib/python3.10/site-packages:${PYTHONPATH} /usr/bin/python3 -W ignore:setup.py install is deprecated -W ignore:easy_install command is deprecated setup.py develop --editable --build-directory /home/hansol/redshow/build/redshow_control/build --no-deps symlink_data
