[0.079s] DEBUG:colcon:Command line arguments: ['/home/sol/.local/bin/colcon', 'build', '--symlink-install']
[0.079s] DEBUG:colcon:Parsed command line arguments: Namespace(log_base=None, log_level=None, verb_name='build', build_base='build', install_base='install', merge_install=False, symlink_install=True, test_result_base=None, continue_on_error=False, executor='parallel', parallel_workers=12, event_handlers=None, ignore_user_meta=False, metas=['./colcon.meta'], base_paths=['.'], packages_ignore=None, packages_ignore_regex=None, paths=None, packages_up_to=None, packages_up_to_regex=None, packages_above=None, packages_above_and_dependencies=None, packages_above_depth=None, packages_select_by_dep=None, packages_skip_by_dep=None, packages_skip_up_to=None, packages_select_build_failed=False, packages_skip_build_finished=False, packages_select_test_failures=False, packages_skip_test_passed=False, packages_select=None, packages_skip=None, packages_select_regex=None, packages_skip_regex=None, packages_start=None, packages_end=None, cmake_args=None, cmake_target=None, cmake_target_skip_unavailable=False, cmake_clean_cache=False, cmake_clean_first=False, cmake_force_configure=False, ament_cmake_args=None, catkin_cmake_args=None, catkin_skip_building_tests=False, verb_parser=<colcon_defaults.argument_parser.defaults.DefaultArgumentsDecorator object at 0x73abbc008490>, verb_extension=<colcon_core.verb.build.BuildVerb object at 0x73abbc14dfc0>, main=<bound method BuildVerb.main of <colcon_core.verb.build.BuildVerb object at 0x73abbc14dfc0>>)
[0.158s] Level 1:colcon.colcon_core.package_discovery:discover_packages(colcon_meta) check parameters
[0.158s] Level 1:colcon.colcon_core.package_discovery:discover_packages(recursive) check parameters
[0.158s] Level 1:colcon.colcon_core.package_discovery:discover_packages(ignore) check parameters
[0.158s] Level 1:colcon.colcon_core.package_discovery:discover_packages(path) check parameters
[0.158s] Level 1:colcon.colcon_core.package_discovery:discover_packages(colcon_meta) discover
[0.158s] Level 1:colcon.colcon_core.package_discovery:discover_packages(recursive) discover
[0.158s] INFO:colcon.colcon_core.package_discovery:Crawling recursively for packages in '/home/sol/redshow'
[0.158s] Level 1:colcon.colcon_core.package_identification:_identify(.) by extensions ['ignore', 'ignore_ament_install']
[0.158s] Level 1:colcon.colcon_core.package_identification:_identify(.) by extension 'ignore'
[0.158s] Level 1:colcon.colcon_core.package_identification:_identify(.) by extension 'ignore_ament_install'
[0.158s] Level 1:colcon.colcon_core.package_identification:_identify(.) by extensions ['colcon_pkg']
[0.158s] Level 1:colcon.colcon_core.package_identification:_identify(.) by extension 'colcon_pkg'
[0.158s] Level 1:colcon.colcon_core.package_identification:_identify(.) by extensions ['colcon_meta']
[0.158s] Level 1:colcon.colcon_core.package_identification:_identify(.) by extension 'colcon_meta'
[0.158s] Level 1:colcon.colcon_core.package_identification:_identify(.) by extensions ['ros']
[0.158s] Level 1:colcon.colcon_core.package_identification:_identify(.) by extension 'ros'
[0.165s] Level 1:colcon.colcon_core.package_identification:_identify(.) by extensions ['cmake', 'python']
[0.165s] Level 1:colcon.colcon_core.package_identification:_identify(.) by extension 'cmake'
[0.165s] Level 1:colcon.colcon_core.package_identification:_identify(.) by extension 'python'
[0.165s] Level 1:colcon.colcon_core.package_identification:_identify(.) by extensions ['python_setup_py']
[0.165s] Level 1:colcon.colcon_core.package_identification:_identify(.) by extension 'python_setup_py'
[0.165s] Level 1:colcon.colcon_core.package_identification:_identify(build) by extensions ['ignore', 'ignore_ament_install']
[0.165s] Level 1:colcon.colcon_core.package_identification:_identify(build) by extension 'ignore'
[0.165s] Level 1:colcon.colcon_core.package_identification:_identify(build) ignored
[0.165s] Level 1:colcon.colcon_core.package_identification:_identify(install) by extensions ['ignore', 'ignore_ament_install']
[0.166s] Level 1:colcon.colcon_core.package_identification:_identify(install) by extension 'ignore'
[0.166s] Level 1:colcon.colcon_core.package_identification:_identify(install) ignored
[0.166s] Level 1:colcon.colcon_core.package_identification:_identify(log) by extensions ['ignore', 'ignore_ament_install']
[0.166s] Level 1:colcon.colcon_core.package_identification:_identify(log) by extension 'ignore'
[0.166s] Level 1:colcon.colcon_core.package_identification:_identify(log) ignored
[0.166s] Level 1:colcon.colcon_core.package_identification:_identify(src) by extensions ['ignore', 'ignore_ament_install']
[0.166s] Level 1:colcon.colcon_core.package_identification:_identify(src) by extension 'ignore'
[0.166s] Level 1:colcon.colcon_core.package_identification:_identify(src) by extension 'ignore_ament_install'
[0.166s] Level 1:colcon.colcon_core.package_identification:_identify(src) by extensions ['colcon_pkg']
[0.166s] Level 1:colcon.colcon_core.package_identification:_identify(src) by extension 'colcon_pkg'
[0.166s] Level 1:colcon.colcon_core.package_identification:_identify(src) by extensions ['colcon_meta']
[0.166s] Level 1:colcon.colcon_core.package_identification:_identify(src) by extension 'colcon_meta'
[0.166s] Level 1:colcon.colcon_core.package_identification:_identify(src) by extensions ['ros']
[0.166s] Level 1:colcon.colcon_core.package_identification:_identify(src) by extension 'ros'
[0.166s] Level 1:colcon.colcon_core.package_identification:_identify(src) by extensions ['cmake', 'python']
[0.166s] Level 1:colcon.colcon_core.package_identification:_identify(src) by extension 'cmake'
[0.166s] Level 1:colcon.colcon_core.package_identification:_identify(src) by extension 'python'
[0.166s] Level 1:colcon.colcon_core.package_identification:_identify(src) by extensions ['python_setup_py']
[0.166s] Level 1:colcon.colcon_core.package_identification:_identify(src) by extension 'python_setup_py'
[0.166s] Level 1:colcon.colcon_core.package_identification:_identify(src/asset_arma) by extensions ['ignore', 'ignore_ament_install']
[0.166s] Level 1:colcon.colcon_core.package_identification:_identify(src/asset_arma) by extension 'ignore'
[0.166s] Level 1:colcon.colcon_core.package_identification:_identify(src/asset_arma) by extension 'ignore_ament_install'
[0.166s] Level 1:colcon.colcon_core.package_identification:_identify(src/asset_arma) by extensions ['colcon_pkg']
[0.166s] Level 1:colcon.colcon_core.package_identification:_identify(src/asset_arma) by extension 'colcon_pkg'
[0.166s] Level 1:colcon.colcon_core.package_identification:_identify(src/asset_arma) by extensions ['colcon_meta']
[0.166s] Level 1:colcon.colcon_core.package_identification:_identify(src/asset_arma) by extension 'colcon_meta'
[0.166s] Level 1:colcon.colcon_core.package_identification:_identify(src/asset_arma) by extensions ['ros']
[0.166s] Level 1:colcon.colcon_core.package_identification:_identify(src/asset_arma) by extension 'ros'
[0.166s] Level 1:colcon.colcon_core.package_identification:_identify(src/asset_arma) by extensions ['cmake', 'python']
[0.166s] Level 1:colcon.colcon_core.package_identification:_identify(src/asset_arma) by extension 'cmake'
[0.166s] Level 1:colcon.colcon_core.package_identification:_identify(src/asset_arma) by extension 'python'
[0.166s] Level 1:colcon.colcon_core.package_identification:_identify(src/asset_arma) by extensions ['python_setup_py']
[0.166s] Level 1:colcon.colcon_core.package_identification:_identify(src/asset_arma) by extension 'python_setup_py'
[0.167s] Level 1:colcon.colcon_core.package_identification:_identify(src/asset_vanilla) by extensions ['ignore', 'ignore_ament_install']
[0.167s] Level 1:colcon.colcon_core.package_identification:_identify(src/asset_vanilla) by extension 'ignore'
[0.167s] Level 1:colcon.colcon_core.package_identification:_identify(src/asset_vanilla) by extension 'ignore_ament_install'
[0.167s] Level 1:colcon.colcon_core.package_identification:_identify(src/asset_vanilla) by extensions ['colcon_pkg']
[0.167s] Level 1:colcon.colcon_core.package_identification:_identify(src/asset_vanilla) by extension 'colcon_pkg'
[0.167s] Level 1:colcon.colcon_core.package_identification:_identify(src/asset_vanilla) by extensions ['colcon_meta']
[0.167s] Level 1:colcon.colcon_core.package_identification:_identify(src/asset_vanilla) by extension 'colcon_meta'
[0.167s] Level 1:colcon.colcon_core.package_identification:_identify(src/asset_vanilla) by extensions ['ros']
[0.167s] Level 1:colcon.colcon_core.package_identification:_identify(src/asset_vanilla) by extension 'ros'
[0.167s] Level 1:colcon.colcon_core.package_identification:_identify(src/asset_vanilla) by extensions ['cmake', 'python']
[0.167s] Level 1:colcon.colcon_core.package_identification:_identify(src/asset_vanilla) by extension 'cmake'
[0.167s] Level 1:colcon.colcon_core.package_identification:_identify(src/asset_vanilla) by extension 'python'
[0.167s] Level 1:colcon.colcon_core.package_identification:_identify(src/asset_vanilla) by extensions ['python_setup_py']
[0.167s] Level 1:colcon.colcon_core.package_identification:_identify(src/asset_vanilla) by extension 'python_setup_py'
[0.167s] Level 1:colcon.colcon_core.package_identification:_identify(src/redshow_control) by extensions ['ignore', 'ignore_ament_install']
[0.167s] Level 1:colcon.colcon_core.package_identification:_identify(src/redshow_control) by extension 'ignore'
[0.167s] Level 1:colcon.colcon_core.package_identification:_identify(src/redshow_control) by extension 'ignore_ament_install'
[0.167s] Level 1:colcon.colcon_core.package_identification:_identify(src/redshow_control) by extensions ['colcon_pkg']
[0.167s] Level 1:colcon.colcon_core.package_identification:_identify(src/redshow_control) by extension 'colcon_pkg'
[0.167s] Level 1:colcon.colcon_core.package_identification:_identify(src/redshow_control) by extensions ['colcon_meta']
[0.167s] Level 1:colcon.colcon_core.package_identification:_identify(src/redshow_control) by extension 'colcon_meta'
[0.167s] Level 1:colcon.colcon_core.package_identification:_identify(src/redshow_control) by extensions ['ros']
[0.167s] Level 1:colcon.colcon_core.package_identification:_identify(src/redshow_control) by extension 'ros'
[0.169s] DEBUG:colcon.colcon_core.package_identification:Package 'src/redshow_control' with type 'ros.ament_python' and name 'redshow_control'
[0.169s] Level 1:colcon.colcon_core.package_identification:_identify(src/redshow_gui) by extensions ['ignore', 'ignore_ament_install']
[0.169s] Level 1:colcon.colcon_core.package_identification:_identify(src/redshow_gui) by extension 'ignore'
[0.169s] Level 1:colcon.colcon_core.package_identification:_identify(src/redshow_gui) by extension 'ignore_ament_install'
[0.169s] Level 1:colcon.colcon_core.package_identification:_identify(src/redshow_gui) by extensions ['colcon_pkg']
[0.169s] Level 1:colcon.colcon_core.package_identification:_identify(src/redshow_gui) by extension 'colcon_pkg'
[0.169s] Level 1:colcon.colcon_core.package_identification:_identify(src/redshow_gui) by extensions ['colcon_meta']
[0.169s] Level 1:colcon.colcon_core.package_identification:_identify(src/redshow_gui) by extension 'colcon_meta'
[0.169s] Level 1:colcon.colcon_core.package_identification:_identify(src/redshow_gui) by extensions ['ros']
[0.169s] Level 1:colcon.colcon_core.package_identification:_identify(src/redshow_gui) by extension 'ros'
[0.170s] DEBUG:colcon.colcon_core.package_identification:Package 'src/redshow_gui' with type 'ros.ament_python' and name 'redshow_gui'
[0.170s] Level 1:colcon.colcon_core.package_discovery:discover_packages(recursive) using defaults
[0.170s] Level 1:colcon.colcon_core.package_discovery:discover_packages(ignore) discover
[0.170s] Level 1:colcon.colcon_core.package_discovery:discover_packages(ignore) using defaults
[0.170s] Level 1:colcon.colcon_core.package_discovery:discover_packages(path) discover
[0.170s] Level 1:colcon.colcon_core.package_discovery:discover_packages(path) using defaults
[0.184s] Level 5:colcon.colcon_core.verb:set package 'redshow_control' build argument 'cmake_args' from command line to 'None'
[0.184s] Level 5:colcon.colcon_core.verb:set package 'redshow_control' build argument 'cmake_target' from command line to 'None'
[0.184s] Level 5:colcon.colcon_core.verb:set package 'redshow_control' build argument 'cmake_target_skip_unavailable' from command line to 'False'
[0.184s] Level 5:colcon.colcon_core.verb:set package 'redshow_control' build argument 'cmake_clean_cache' from command line to 'False'
[0.184s] Level 5:colcon.colcon_core.verb:set package 'redshow_control' build argument 'cmake_clean_first' from command line to 'False'
[0.184s] Level 5:colcon.colcon_core.verb:set package 'redshow_control' build argument 'cmake_force_configure' from command line to 'False'
[0.184s] Level 5:colcon.colcon_core.verb:set package 'redshow_control' build argument 'ament_cmake_args' from command line to 'None'
[0.184s] Level 5:colcon.colcon_core.verb:set package 'redshow_control' build argument 'catkin_cmake_args' from command line to 'None'
[0.184s] Level 5:colcon.colcon_core.verb:set package 'redshow_control' build argument 'catkin_skip_building_tests' from command line to 'False'
[0.184s] DEBUG:colcon.colcon_core.verb:Building package 'redshow_control' with the following arguments: {'ament_cmake_args': None, 'build_base': '/home/sol/redshow/build/redshow_control', 'catkin_cmake_args': None, 'catkin_skip_building_tests': False, 'cmake_args': None, 'cmake_clean_cache': False, 'cmake_clean_first': False, 'cmake_force_configure': False, 'cmake_target': None, 'cmake_target_skip_unavailable': False, 'install_base': '/home/sol/redshow/install/redshow_control', 'merge_install': False, 'path': '/home/sol/redshow/src/redshow_control', 'symlink_install': True, 'test_result_base': None}
[0.184s] Level 5:colcon.colcon_core.verb:set package 'redshow_gui' build argument 'cmake_args' from command line to 'None'
[0.184s] Level 5:colcon.colcon_core.verb:set package 'redshow_gui' build argument 'cmake_target' from command line to 'None'
[0.184s] Level 5:colcon.colcon_core.verb:set package 'redshow_gui' build argument 'cmake_target_skip_unavailable' from command line to 'False'
[0.184s] Level 5:colcon.colcon_core.verb:set package 'redshow_gui' build argument 'cmake_clean_cache' from command line to 'False'
[0.184s] Level 5:colcon.colcon_core.verb:set package 'redshow_gui' build argument 'cmake_clean_first' from command line to 'False'
[0.184s] Level 5:colcon.colcon_core.verb:set package 'redshow_gui' build argument 'cmake_force_configure' from command line to 'False'
[0.184s] Level 5:colcon.colcon_core.verb:set package 'redshow_gui' build argument 'ament_cmake_args' from command line to 'None'
[0.184s] Level 5:colcon.colcon_core.verb:set package 'redshow_gui' build argument 'catkin_cmake_args' from command line to 'None'
[0.184s] Level 5:colcon.colcon_core.verb:set package 'redshow_gui' build argument 'catkin_skip_building_tests' from command line to 'False'
[0.184s] DEBUG:colcon.colcon_core.verb:Building package 'redshow_gui' with the following arguments: {'ament_cmake_args': None, 'build_base': '/home/sol/redshow/build/redshow_gui', 'catkin_cmake_args': None, 'catkin_skip_building_tests': False, 'cmake_args': None, 'cmake_clean_cache': False, 'cmake_clean_first': False, 'cmake_force_configure': False, 'cmake_target': None, 'cmake_target_skip_unavailable': False, 'install_base': '/home/sol/redshow/install/redshow_gui', 'merge_install': False, 'path': '/home/sol/redshow/src/redshow_gui', 'symlink_install': True, 'test_result_base': None}
[0.184s] INFO:colcon.colcon_core.executor:Executing jobs using 'parallel' executor
[0.185s] DEBUG:colcon.colcon_parallel_executor.executor.parallel:run_until_complete
[0.185s] INFO:colcon.colcon_ros.task.ament_python.build:Building ROS package in '/home/sol/redshow/src/redshow_control' with build type 'ament_python'
[0.185s] Level 1:colcon.colcon_core.shell:create_environment_hook('redshow_control', 'ament_prefix_path')
[0.187s] INFO:colcon.colcon_core.plugin_system:Skipping extension 'colcon_core.shell.bat': Not used on non-Windows systems
[0.187s] INFO:colcon.colcon_core.shell:Creating environment hook '/home/sol/redshow/install/redshow_control/share/redshow_control/hook/ament_prefix_path.ps1'
[0.187s] INFO:colcon.colcon_core.shell:Creating environment descriptor '/home/sol/redshow/install/redshow_control/share/redshow_control/hook/ament_prefix_path.dsv'
[0.187s] INFO:colcon.colcon_core.shell:Creating environment hook '/home/sol/redshow/install/redshow_control/share/redshow_control/hook/ament_prefix_path.sh'
[0.188s] INFO:colcon.colcon_core.shell:Skip shell extension 'powershell' for command environment: Not usable outside of PowerShell
[0.188s] DEBUG:colcon.colcon_core.shell:Skip shell extension 'dsv' for command environment
[0.190s] INFO:colcon.colcon_ros.task.ament_python.build:Building ROS package in '/home/sol/redshow/src/redshow_gui' with build type 'ament_python'
[0.191s] Level 1:colcon.colcon_core.shell:create_environment_hook('redshow_gui', 'ament_prefix_path')
[0.191s] INFO:colcon.colcon_core.shell:Creating environment hook '/home/sol/redshow/install/redshow_gui/share/redshow_gui/hook/ament_prefix_path.ps1'
[0.191s] INFO:colcon.colcon_core.shell:Creating environment descriptor '/home/sol/redshow/install/redshow_gui/share/redshow_gui/hook/ament_prefix_path.dsv'
[0.191s] INFO:colcon.colcon_core.shell:Creating environment hook '/home/sol/redshow/install/redshow_gui/share/redshow_gui/hook/ament_prefix_path.sh'
[0.191s] INFO:colcon.colcon_core.shell:Skip shell extension 'powershell' for command environment: Not usable outside of PowerShell
[0.191s] DEBUG:colcon.colcon_core.shell:Skip shell extension 'dsv' for command environment
[0.340s] INFO:colcon.colcon_core.task.python.build:Building Python package in '/home/sol/redshow/src/redshow_control'
[0.340s] INFO:colcon.colcon_core.shell:Skip shell extension 'powershell' for command environment: Not usable outside of PowerShell
[0.340s] DEBUG:colcon.colcon_core.shell:Skip shell extension 'dsv' for command environment
[0.492s] INFO:colcon.colcon_core.task.python.build:Building Python package in '/home/sol/redshow/src/redshow_gui'
[0.493s] INFO:colcon.colcon_core.shell:Skip shell extension 'powershell' for command environment: Not usable outside of PowerShell
[0.493s] DEBUG:colcon.colcon_core.shell:Skip shell extension 'dsv' for command environment
[0.736s] DEBUG:colcon.colcon_core.event_handler.log_command:Invoking command in '/home/sol/redshow/build/redshow_control': PYTHONPATH=/home/sol/redshow/build/redshow_control/prefix_override:/home/sol/.local/lib/python3.10/site-packages/colcon_core/task/python/colcon_distutils_commands:/home/sol/redshow/install/redshow_control/lib/python3.10/site-packages:${PYTHONPATH} /usr/bin/python3 -W ignore:setup.py install is deprecated -W ignore:easy_install command is deprecated setup.py develop --editable --build-directory /home/sol/redshow/build/redshow_control/build --no-deps symlink_data
[0.744s] DEBUG:colcon.colcon_core.event_handler.log_command:Invoking command in '/home/sol/redshow/build/redshow_gui': PYTHONPATH=/home/sol/redshow/build/redshow_gui/prefix_override:/home/sol/.local/lib/python3.10/site-packages/colcon_core/task/python/colcon_distutils_commands:/home/sol/redshow/install/redshow_gui/lib/python3.10/site-packages:${PYTHONPATH} /usr/bin/python3 -W ignore:setup.py install is deprecated -W ignore:easy_install command is deprecated setup.py develop --editable --build-directory /home/sol/redshow/build/redshow_gui/build --no-deps symlink_data
[1.054s] Level 1:colcon.colcon_core.shell:create_environment_hook('redshow_control', 'pythonpath_develop')
[1.055s] INFO:colcon.colcon_core.shell:Creating environment hook '/home/sol/redshow/build/redshow_control/share/redshow_control/hook/pythonpath_develop.ps1'
[1.055s] DEBUG:colcon.colcon_core.event_handler.log_command:Invoked command in '/home/sol/redshow/build/redshow_control' returned '0': PYTHONPATH=/home/sol/redshow/build/redshow_control/prefix_override:/home/sol/.local/lib/python3.10/site-packages/colcon_core/task/python/colcon_distutils_commands:/home/sol/redshow/install/redshow_control/lib/python3.10/site-packages:${PYTHONPATH} /usr/bin/python3 -W ignore:setup.py install is deprecated -W ignore:easy_install command is deprecated setup.py develop --editable --build-directory /home/sol/redshow/build/redshow_control/build --no-deps symlink_data
[1.056s] INFO:colcon.colcon_core.shell:Creating environment descriptor '/home/sol/redshow/build/redshow_control/share/redshow_control/hook/pythonpath_develop.dsv'
[1.056s] INFO:colcon.colcon_core.shell:Creating environment hook '/home/sol/redshow/build/redshow_control/share/redshow_control/hook/pythonpath_develop.sh'
[1.058s] Level 1:colcon.colcon_core.environment:checking '/home/sol/redshow/install/redshow_control' for CMake module files
[1.058s] Level 1:colcon.colcon_core.environment:checking '/home/sol/redshow/install/redshow_control' for CMake config files
[1.058s] Level 1:colcon.colcon_core.environment:checking '/home/sol/redshow/install/redshow_control/lib'
[1.059s] Level 1:colcon.colcon_core.environment:checking '/home/sol/redshow/install/redshow_control/bin'
[1.059s] Level 1:colcon.colcon_core.environment:checking '/home/sol/redshow/install/redshow_control/lib/pkgconfig/redshow_control.pc'
[1.059s] Level 1:colcon.colcon_core.environment:checking '/home/sol/redshow/install/redshow_control/lib/python3.10/site-packages'
[1.059s] Level 1:colcon.colcon_core.shell:create_environment_hook('redshow_control', 'pythonpath')
[1.059s] INFO:colcon.colcon_core.shell:Creating environment hook '/home/sol/redshow/install/redshow_control/share/redshow_control/hook/pythonpath.ps1'
[1.059s] INFO:colcon.colcon_core.shell:Creating environment descriptor '/home/sol/redshow/install/redshow_control/share/redshow_control/hook/pythonpath.dsv'
[1.060s] INFO:colcon.colcon_core.shell:Creating environment hook '/home/sol/redshow/install/redshow_control/share/redshow_control/hook/pythonpath.sh'
[1.060s] Level 1:colcon.colcon_core.environment:checking '/home/sol/redshow/install/redshow_control/bin'
[1.060s] Level 1:colcon.colcon_core.environment:create_environment_scripts_only(redshow_control)
[1.061s] INFO:colcon.colcon_core.shell:Creating package script '/home/sol/redshow/install/redshow_control/share/redshow_control/package.ps1'
[1.061s] INFO:colcon.colcon_core.shell:Creating package descriptor '/home/sol/redshow/install/redshow_control/share/redshow_control/package.dsv'
[1.062s] INFO:colcon.colcon_core.shell:Creating package script '/home/sol/redshow/install/redshow_control/share/redshow_control/package.sh'
[1.062s] INFO:colcon.colcon_core.shell:Creating package script '/home/sol/redshow/install/redshow_control/share/redshow_control/package.bash'
[1.063s] INFO:colcon.colcon_core.shell:Creating package script '/home/sol/redshow/install/redshow_control/share/redshow_control/package.zsh'
[1.064s] Level 1:colcon.colcon_core.environment:create_file_with_runtime_dependencies(/home/sol/redshow/install/redshow_control/share/colcon-core/packages/redshow_control)
[1.069s] Level 1:colcon.colcon_core.shell:create_environment_hook('redshow_gui', 'pythonpath_develop')
[1.069s] INFO:colcon.colcon_core.shell:Creating environment hook '/home/sol/redshow/build/redshow_gui/share/redshow_gui/hook/pythonpath_develop.ps1'
[1.070s] DEBUG:colcon.colcon_core.event_handler.log_command:Invoked command in '/home/sol/redshow/build/redshow_gui' returned '0': PYTHONPATH=/home/sol/redshow/build/redshow_gui/prefix_override:/home/sol/.local/lib/python3.10/site-packages/colcon_core/task/python/colcon_distutils_commands:/home/sol/redshow/install/redshow_gui/lib/python3.10/site-packages:${PYTHONPATH} /usr/bin/python3 -W ignore:setup.py install is deprecated -W ignore:easy_install command is deprecated setup.py develop --editable --build-directory /home/sol/redshow/build/redshow_gui/build --no-deps symlink_data
[1.070s] INFO:colcon.colcon_core.shell:Creating environment descriptor '/home/sol/redshow/build/redshow_gui/share/redshow_gui/hook/pythonpath_develop.dsv'
[1.071s] INFO:colcon.colcon_core.shell:Creating environment hook '/home/sol/redshow/build/redshow_gui/share/redshow_gui/hook/pythonpath_develop.sh'
[1.072s] Level 1:colcon.colcon_core.environment:checking '/home/sol/redshow/install/redshow_gui' for CMake module files
[1.072s] Level 1:colcon.colcon_core.environment:checking '/home/sol/redshow/install/redshow_gui' for CMake config files
[1.073s] Level 1:colcon.colcon_core.environment:checking '/home/sol/redshow/install/redshow_gui/lib'
[1.073s] Level 1:colcon.colcon_core.environment:checking '/home/sol/redshow/install/redshow_gui/bin'
[1.073s] Level 1:colcon.colcon_core.environment:checking '/home/sol/redshow/install/redshow_gui/lib/pkgconfig/redshow_gui.pc'
[1.073s] Level 1:colcon.colcon_core.environment:checking '/home/sol/redshow/install/redshow_gui/lib/python3.10/site-packages'
[1.073s] Level 1:colcon.colcon_core.shell:create_environment_hook('redshow_gui', 'pythonpath')
[1.073s] INFO:colcon.colcon_core.shell:Creating environment hook '/home/sol/redshow/install/redshow_gui/share/redshow_gui/hook/pythonpath.ps1'
[1.074s] INFO:colcon.colcon_core.shell:Creating environment descriptor '/home/sol/redshow/install/redshow_gui/share/redshow_gui/hook/pythonpath.dsv'
[1.074s] INFO:colcon.colcon_core.shell:Creating environment hook '/home/sol/redshow/install/redshow_gui/share/redshow_gui/hook/pythonpath.sh'
[1.075s] Level 1:colcon.colcon_core.environment:checking '/home/sol/redshow/install/redshow_gui/bin'
[1.075s] Level 1:colcon.colcon_core.environment:create_environment_scripts_only(redshow_gui)
[1.076s] INFO:colcon.colcon_core.shell:Creating package script '/home/sol/redshow/install/redshow_gui/share/redshow_gui/package.ps1'
[1.076s] INFO:colcon.colcon_core.shell:Creating package descriptor '/home/sol/redshow/install/redshow_gui/share/redshow_gui/package.dsv'
[1.077s] INFO:colcon.colcon_core.shell:Creating package script '/home/sol/redshow/install/redshow_gui/share/redshow_gui/package.sh'
[1.078s] INFO:colcon.colcon_core.shell:Creating package script '/home/sol/redshow/install/redshow_gui/share/redshow_gui/package.bash'
[1.078s] INFO:colcon.colcon_core.shell:Creating package script '/home/sol/redshow/install/redshow_gui/share/redshow_gui/package.zsh'
[1.079s] Level 1:colcon.colcon_core.environment:create_file_with_runtime_dependencies(/home/sol/redshow/install/redshow_gui/share/colcon-core/packages/redshow_gui)
[1.079s] DEBUG:colcon.colcon_parallel_executor.executor.parallel:closing loop
[1.079s] DEBUG:colcon.colcon_parallel_executor.executor.parallel:loop closed
[1.080s] DEBUG:colcon.colcon_parallel_executor.executor.parallel:run_until_complete finished with '0'
[1.080s] DEBUG:colcon.colcon_core.event_reactor:joining thread
[1.086s] INFO:colcon.colcon_core.plugin_system:Skipping extension 'colcon_notification.desktop_notification.terminal_notifier': Not used on non-Darwin systems
[1.086s] INFO:colcon.colcon_core.plugin_system:Skipping extension 'colcon_notification.desktop_notification.win32': Not used on non-Windows systems
[1.086s] INFO:colcon.colcon_notification.desktop_notification:Sending desktop notification using 'notify2'
[1.096s] DEBUG:colcon.colcon_core.event_reactor:joined thread
[1.096s] INFO:colcon.colcon_core.shell:Creating prefix script '/home/sol/redshow/install/local_setup.ps1'
[1.098s] INFO:colcon.colcon_core.shell:Creating prefix util module '/home/sol/redshow/install/_local_setup_util_ps1.py'
[1.100s] INFO:colcon.colcon_core.shell:Creating prefix chain script '/home/sol/redshow/install/setup.ps1'
[1.102s] INFO:colcon.colcon_core.shell:Creating prefix script '/home/sol/redshow/install/local_setup.sh'
[1.103s] INFO:colcon.colcon_core.shell:Creating prefix util module '/home/sol/redshow/install/_local_setup_util_sh.py'
[1.103s] INFO:colcon.colcon_core.shell:Creating prefix chain script '/home/sol/redshow/install/setup.sh'
[1.104s] INFO:colcon.colcon_core.shell:Creating prefix script '/home/sol/redshow/install/local_setup.bash'
[1.105s] INFO:colcon.colcon_core.shell:Creating prefix chain script '/home/sol/redshow/install/setup.bash'
[1.106s] INFO:colcon.colcon_core.shell:Creating prefix script '/home/sol/redshow/install/local_setup.zsh'
[1.106s] INFO:colcon.colcon_core.shell:Creating prefix chain script '/home/sol/redshow/install/setup.zsh'
