[0.000000] (-) TimerEvent: {}
[0.000143] (redshow_control) JobQueued: {'identifier': 'redshow_control', 'dependencies': OrderedDict()}
[0.000328] (redshow_gui) JobQueued: {'identifier': 'redshow_gui', 'dependencies': OrderedDict()}
[0.000619] (redshow_control) JobStarted: {'identifier': 'redshow_control'}
[0.004847] (redshow_gui) JobStarted: {'identifier': 'redshow_gui'}
[0.099716] (-) TimerEvent: {}
[0.199935] (-) TimerEvent: {}
[0.300209] (-) TimerEvent: {}
[0.400513] (-) TimerEvent: {}
[0.500728] (-) TimerEvent: {}
[0.601023] (-) TimerEvent: {}
[0.701366] (-) TimerEvent: {}
[0.801678] (-) TimerEvent: {}
[0.902078] (-) TimerEvent: {}
[1.002496] (-) TimerEvent: {}
[1.058921] (redshow_control) Command: {'cmd': ['/usr/bin/python3', '-W', 'ignore:setup.py install is deprecated', '-W', 'ignore:easy_install command is deprecated', 'setup.py', 'develop', '--editable', '--build-directory', '/home/pi/ros2_ws/build/redshow_control/build', '--no-deps', 'symlink_data'], 'cwd': '/home/pi/ros2_ws/build/redshow_control', 'env': {'LESSOPEN': '| /usr/bin/lesspipe %s', 'VSCODE_CWD': '/home/pi', 'VSCODE_ESM_ENTRYPOINT': 'vs/workbench/api/node/extensionHostProcess', 'USER': 'pi', 'SSH_CLIENT': '10.239.232.11 57506 22', 'LC_TIME': 'ko_KR.UTF-8', 'VSCODE_NLS_CONFIG': '{"userLocale":"en","osLocale":"en","resolvedLanguage":"en","defaultMessagesFile":"/home/pi/.cursor-server/bin/f5edf5b2fdaaf0f44d324fa092a32515ce114c90/out/nls.messages.json","locale":"en","availableLanguages":{}}', 'VSCODE_HANDLES_UNCAUGHT_ERRORS': 'true', 'XDG_SESSION_TYPE': 'tty', 'SHLVL': '2', 'BROWSER': '/home/pi/.cursor-server/bin/f5edf5b2fdaaf0f44d324fa092a32515ce114c90/bin/helpers/browser.sh', 'HOME': '/home/pi', 'OLDPWD': '/home/pi/ros2_ws', 'VSCODE_IPC_HOOK_CLI': '/run/user/1000/vscode-ipc-f111daf4-eb01-453c-98b0-e29e0399c60a.sock', 'LC_MONETARY': 'ko_KR.UTF-8', 'NO_COLOR': '1', 'DBUS_SESSION_BUS_ADDRESS': 'unix:path=/run/user/1000/bus', 'LOGNAME': 'pi', 'FORCE_COLOR': '0', 'VSCODE_HANDLES_SIGPIPE': 'true', '_': '/usr/bin/colcon', 'XDG_SESSION_CLASS': 'user', 'TERM': 'dumb', 'XDG_SESSION_ID': '7', 'COMPOSER_NO_INTERACTION': '1', 'PATH': '/home/pi/.local/bin:/home/pi/.cursor-server/bin/f5edf5b2fdaaf0f44d324fa092a32515ce114c90/bin/remote-cli:/home/pi/.local/bin:/home/pi/.cursor-server/bin/f5edf5b2fdaaf0f44d324fa092a32515ce114c90/bin/remote-cli:/home/pi/.local/bin:/usr/local/sbin:/usr/local/bin:/usr/sbin:/usr/bin:/sbin:/bin:/usr/games:/usr/local/games:/snap/bin', 'VSCODE_AGENT_FOLDER': '/home/pi/.cursor-server', 'LC_ADDRESS': 'ko_KR.UTF-8', 'XDG_RUNTIME_DIR': '/run/user/1000', 'CURSOR_AGENT': '1', 'LANG': 'en_US.UTF-8', 'LC_TELEPHONE': 'ko_KR.UTF-8', 'LS_COLORS': '', 'SHELL': '/bin/bash', 'LC_NAME': 'ko_KR.UTF-8', 'VSCODE_SERVER_SHUTDOWN_TIMEOUT': '300', 'LESSCLOSE': '/usr/bin/lesspipe %s %s', 'LC_MEASUREMENT': 'ko_KR.UTF-8', 'LC_IDENTIFICATION': 'ko_KR.UTF-8', 'PWD': '/home/pi/ros2_ws/build/redshow_control', 'LC_ALL': 'en_US.UTF-8', 'SSH_CONNECTION': '10.239.232.11 57506 10.239.232.249 22', 'XDG_DATA_DIRS': '/usr/local/share:/usr/share:/var/lib/snapd/desktop', 'LC_NUMERIC': 'ko_KR.UTF-8', 'LC_PAPER': 'ko_KR.UTF-8', 'COLCON': '1', '_ZO_DOCTOR': '0', 'PYTHONPATH': '/home/pi/ros2_ws/build/redshow_control/prefix_override:/usr/lib/python3/dist-packages/colcon_core/task/python/colcon_distutils_commands:/home/pi/ros2_ws/install/redshow_control/lib/python3.12/site-packages:'}, 'shell': False}
[1.102600] (-) TimerEvent: {}
[1.202825] (-) TimerEvent: {}
[1.303077] (-) TimerEvent: {}
[1.375676] (redshow_gui) Command: {'cmd': ['/usr/bin/python3', '-W', 'ignore:setup.py install is deprecated', '-W', 'ignore:easy_install command is deprecated', 'setup.py', 'develop', '--editable', '--build-directory', '/home/pi/ros2_ws/build/redshow_gui/build', '--no-deps', 'symlink_data'], 'cwd': '/home/pi/ros2_ws/build/redshow_gui', 'env': {'LESSOPEN': '| /usr/bin/lesspipe %s', 'VSCODE_CWD': '/home/pi', 'VSCODE_ESM_ENTRYPOINT': 'vs/workbench/api/node/extensionHostProcess', 'USER': 'pi', 'SSH_CLIENT': '10.239.232.11 57506 22', 'LC_TIME': 'ko_KR.UTF-8', 'VSCODE_NLS_CONFIG': '{"userLocale":"en","osLocale":"en","resolvedLanguage":"en","defaultMessagesFile":"/home/pi/.cursor-server/bin/f5edf5b2fdaaf0f44d324fa092a32515ce114c90/out/nls.messages.json","locale":"en","availableLanguages":{}}', 'VSCODE_HANDLES_UNCAUGHT_ERRORS': 'true', 'XDG_SESSION_TYPE': 'tty', 'SHLVL': '2', 'BROWSER': '/home/pi/.cursor-server/bin/f5edf5b2fdaaf0f44d324fa092a32515ce114c90/bin/helpers/browser.sh', 'HOME': '/home/pi', 'OLDPWD': '/home/pi/ros2_ws', 'VSCODE_IPC_HOOK_CLI': '/run/user/1000/vscode-ipc-f111daf4-eb01-453c-98b0-e29e0399c60a.sock', 'LC_MONETARY': 'ko_KR.UTF-8', 'NO_COLOR': '1', 'DBUS_SESSION_BUS_ADDRESS': 'unix:path=/run/user/1000/bus', 'LOGNAME': 'pi', 'FORCE_COLOR': '0', 'VSCODE_HANDLES_SIGPIPE': 'true', '_': '/usr/bin/colcon', 'XDG_SESSION_CLASS': 'user', 'TERM': 'dumb', 'XDG_SESSION_ID': '7', 'COMPOSER_NO_INTERACTION': '1', 'PATH': '/home/pi/.local/bin:/home/pi/.cursor-server/bin/f5edf5b2fdaaf0f44d324fa092a32515ce114c90/bin/remote-cli:/home/pi/.local/bin:/home/pi/.cursor-server/bin/f5edf5b2fdaaf0f44d324fa092a32515ce114c90/bin/remote-cli:/home/pi/.local/bin:/usr/local/sbin:/usr/local/bin:/usr/sbin:/usr/bin:/sbin:/bin:/usr/games:/usr/local/games:/snap/bin', 'VSCODE_AGENT_FOLDER': '/home/pi/.cursor-server', 'LC_ADDRESS': 'ko_KR.UTF-8', 'XDG_RUNTIME_DIR': '/run/user/1000', 'CURSOR_AGENT': '1', 'LANG': 'en_US.UTF-8', 'LC_TELEPHONE': 'ko_KR.UTF-8', 'LS_COLORS': '', 'SHELL': '/bin/bash', 'LC_NAME': 'ko_KR.UTF-8', 'VSCODE_SERVER_SHUTDOWN_TIMEOUT': '300', 'LESSCLOSE': '/usr/bin/lesspipe %s %s', 'LC_MEASUREMENT': 'ko_KR.UTF-8', 'LC_IDENTIFICATION': 'ko_KR.UTF-8', 'PWD': '/home/pi/ros2_ws/build/redshow_gui', 'LC_ALL': 'en_US.UTF-8', 'SSH_CONNECTION': '10.239.232.11 57506 10.239.232.249 22', 'XDG_DATA_DIRS': '/usr/local/share:/usr/share:/var/lib/snapd/desktop', 'LC_NUMERIC': 'ko_KR.UTF-8', 'LC_PAPER': 'ko_KR.UTF-8', 'COLCON': '1', '_ZO_DOCTOR': '0', 'PYTHONPATH': '/home/pi/ros2_ws/build/redshow_gui/prefix_override:/usr/lib/python3/dist-packages/colcon_core/task/python/colcon_distutils_commands:/home/pi/ros2_ws/install/redshow_gui/lib/python3.12/site-packages:'}, 'shell': False}
[1.403235] (-) TimerEvent: {}
[1.441685] (redshow_control) StdoutLine: {'line': b'running develop\n'}
[1.503317] (-) TimerEvent: {}
[1.603527] (-) TimerEvent: {}
[1.612779] (redshow_control) StdoutLine: {'line': b'running egg_info\n'}
[1.628403] (redshow_control) StdoutLine: {'line': b'writing redshow_control.egg-info/PKG-INFO\n'}
[1.629405] (redshow_control) StdoutLine: {'line': b'writing dependency_links to redshow_control.egg-info/dependency_links.txt\n'}
[1.632115] (redshow_control) StdoutLine: {'line': b'writing entry points to redshow_control.egg-info/entry_points.txt\n'}
[1.633043] (redshow_control) StdoutLine: {'line': b'writing requirements to redshow_control.egg-info/requires.txt\n'}
[1.633273] (redshow_control) StdoutLine: {'line': b'writing top-level names to redshow_control.egg-info/top_level.txt\n'}
[1.665549] (redshow_control) StdoutLine: {'line': b"reading manifest file 'redshow_control.egg-info/SOURCES.txt'\n"}
[1.666716] (redshow_control) StdoutLine: {'line': b"writing manifest file 'redshow_control.egg-info/SOURCES.txt'\n"}
[1.684017] (redshow_control) StdoutLine: {'line': b'running build_ext\n'}
[1.684652] (redshow_control) StdoutLine: {'line': b'Creating /home/pi/ros2_ws/install/redshow_control/lib/python3.12/site-packages/redshow-control.egg-link (link to .)\n'}
[1.685613] (redshow_control) StdoutLine: {'line': b'Installing redshow_control_node script to /home/pi/ros2_ws/install/redshow_control/lib/redshow_control\n'}
[1.686588] (redshow_control) StdoutLine: {'line': b'\n'}
[1.686777] (redshow_control) StdoutLine: {'line': b'Installed /home/pi/ros2_ws/build/redshow_control\n'}
[1.686903] (redshow_control) StdoutLine: {'line': b'running symlink_data\n'}
[1.703641] (-) TimerEvent: {}
[1.751671] (redshow_gui) StdoutLine: {'line': b'running develop\n'}
[1.789270] (redshow_control) CommandEnded: {'returncode': 0}
[1.804131] (-) TimerEvent: {}
[1.806090] (redshow_control) JobEnded: {'identifier': 'redshow_control', 'rc': 0}
[1.904225] (-) TimerEvent: {}
[1.925186] (redshow_gui) StdoutLine: {'line': b'running egg_info\n'}
[1.941327] (redshow_gui) StdoutLine: {'line': b'writing redshow_gui.egg-info/PKG-INFO\n'}
[1.942000] (redshow_gui) StdoutLine: {'line': b'writing dependency_links to redshow_gui.egg-info/dependency_links.txt\n'}
[1.944625] (redshow_gui) StdoutLine: {'line': b'writing entry points to redshow_gui.egg-info/entry_points.txt\n'}
[1.946881] (redshow_gui) StdoutLine: {'line': b'writing requirements to redshow_gui.egg-info/requires.txt\n'}
[1.947738] (redshow_gui) StdoutLine: {'line': b'writing top-level names to redshow_gui.egg-info/top_level.txt\n'}
[1.981670] (redshow_gui) StdoutLine: {'line': b"reading manifest file 'redshow_gui.egg-info/SOURCES.txt'\n"}
[1.982573] (redshow_gui) StdoutLine: {'line': b"writing manifest file 'redshow_gui.egg-info/SOURCES.txt'\n"}
[1.999655] (redshow_gui) StdoutLine: {'line': b'running build_ext\n'}
[2.000020] (redshow_gui) StdoutLine: {'line': b'Creating /home/pi/ros2_ws/install/redshow_gui/lib/python3.12/site-packages/redshow-gui.egg-link (link to .)\n'}
[2.000837] (redshow_gui) StdoutLine: {'line': b'Installing redshow_gui script to /home/pi/ros2_ws/install/redshow_gui/lib/redshow_gui\n'}
[2.001308] (redshow_gui) StdoutLine: {'line': b'\n'}
[2.001562] (redshow_gui) StdoutLine: {'line': b'Installed /home/pi/ros2_ws/build/redshow_gui\n'}
[2.001690] (redshow_gui) StdoutLine: {'line': b'running symlink_data\n'}
[2.004385] (-) TimerEvent: {}
[2.097957] (redshow_gui) CommandEnded: {'returncode': 0}
[2.104448] (-) TimerEvent: {}
[2.110846] (redshow_gui) JobEnded: {'identifier': 'redshow_gui', 'rc': 0}
[2.111664] (-) EventReactorShutdown: {}
