[0.492s] Invoking command in '/home/sol/redshow/build/redshow_gui': PYTHONPATH=/home/sol/redshow/build/redshow_gui/prefix_override:/home/sol/.local/lib/python3.10/site-packages/colcon_core/task/python/colcon_distutils_commands:/home/sol/redshow/install/redshow_gui/lib/python3.10/site-packages:${PYTHONPATH} /usr/bin/python3 -W ignore:setup.py install is deprecated -W ignore:easy_install command is deprecated setup.py develop --editable --build-directory /home/sol/redshow/build/redshow_gui/build --no-deps symlink_data
[0.652s] running develop
[0.742s] running egg_info
[0.742s] creating redshow_gui.egg-info
[0.744s] writing redshow_gui.egg-info/PKG-INFO
[0.744s] writing dependency_links to redshow_gui.egg-info/dependency_links.txt
[0.744s] writing entry points to redshow_gui.egg-info/entry_points.txt
[0.744s] writing requirements to redshow_gui.egg-info/requires.txt
[0.744s] writing top-level names to redshow_gui.egg-info/top_level.txt
[0.744s] writing manifest file 'redshow_gui.egg-info/SOURCES.txt'
[0.745s] reading manifest file 'redshow_gui.egg-info/SOURCES.txt'
[0.746s] writing manifest file 'redshow_gui.egg-info/SOURCES.txt'
[0.748s] running build_ext
[0.748s] Creating /home/sol/redshow/install/redshow_gui/lib/python3.10/site-packages/redshow-gui.egg-link (link to .)
[0.749s] Installing redshow_gui script to /home/sol/redshow/install/redshow_gui/lib/redshow_gui
[0.751s] 
[0.751s] Installed /home/sol/redshow/build/redshow_gui
[0.751s] running symlink_data
[0.751s] creating /home/sol/redshow/install/redshow_gui/share/ament_index
[0.751s] creating /home/sol/redshow/install/redshow_gui/share/ament_index/resource_index
[0.752s] creating /home/sol/redshow/install/redshow_gui/share/ament_index/resource_index/packages
[0.752s] symbolically linking /home/sol/redshow/build/redshow_gui/resource/redshow_gui -> /home/sol/redshow/install/redshow_gui/share/ament_index/resource_index/packages
[0.752s] symbolically linking /home/sol/redshow/build/redshow_gui/package.xml -> /home/sol/redshow/install/redshow_gui/share/redshow_gui
[0.800s] Invoked command in '/home/sol/redshow/build/redshow_gui' returned '0': PYTHONPATH=/home/sol/redshow/build/redshow_gui/prefix_override:/home/sol/.local/lib/python3.10/site-packages/colcon_core/task/python/colcon_distutils_commands:/home/sol/redshow/install/redshow_gui/lib/python3.10/site-packages:${PYTHONPATH} /usr/bin/python3 -W ignore:setup.py install is deprecated -W ignore:easy_install command is deprecated setup.py develop --editable --build-directory /home/sol/redshow/build/redshow_gui/build --no-deps symlink_data
