[0.150s] DEBUG:colcon:Command line arguments: ['/usr/bin/colcon', 'build', '--symlink-install']
[0.150s] DEBUG:colcon:Parsed command line arguments: Namespace(log_base=None, log_level=None, verb_name='build', build_base='build', install_base='install', merge_install=False, symlink_install=True, test_result_base=None, continue_on_error=False, executor='parallel', parallel_workers=4, event_handlers=None, ignore_user_meta=False, metas=['./colcon.meta'], base_paths=['.'], packages_ignore=None, packages_ignore_regex=None, paths=None, packages_up_to=None, packages_up_to_regex=None, packages_above=None, packages_above_and_dependencies=None, packages_above_depth=None, packages_select_by_dep=None, packages_skip_by_dep=None, packages_skip_up_to=None, packages_select_build_failed=False, packages_skip_build_finished=False, packages_select_test_failures=False, packages_skip_test_passed=False, packages_select=None, packages_skip=None, packages_select_regex=None, packages_skip_regex=None, packages_start=None, packages_end=None, allow_overriding=[], cmake_args=None, cmake_target=None, cmake_target_skip_unavailable=False, cmake_clean_cache=False, cmake_clean_first=False, cmake_force_configure=False, ament_cmake_args=None, catkin_cmake_args=None, catkin_skip_building_tests=False, mixin_files=None, mixin=None, verb_parser=<colcon_mixin.mixin.mixin_argument.MixinArgumentDecorator object at 0xffff8d23f980>, verb_extension=<colcon_core.verb.build.BuildVerb object at 0xffff8d41c110>, main=<bound method BuildVerb.main of <colcon_core.verb.build.BuildVerb object at 0xffff8d41c110>>, mixin_verb=('build',))
[0.206s] Level 1:colcon.colcon_core.package_discovery:discover_packages(colcon_meta) check parameters
[0.206s] Level 1:colcon.colcon_core.package_discovery:discover_packages(recursive) check parameters
[0.206s] Level 1:colcon.colcon_core.package_discovery:discover_packages(ignore) check parameters
[0.206s] Level 1:colcon.colcon_core.package_discovery:discover_packages(path) check parameters
[0.206s] Level 1:colcon.colcon_core.package_discovery:discover_packages(colcon_meta) discover
[0.206s] Level 1:colcon.colcon_core.package_discovery:discover_packages(recursive) discover
[0.206s] INFO:colcon.colcon_core.package_discovery:Crawling recursively for packages in '/home/pi/ros2_ws'
[0.206s] Level 1:colcon.colcon_core.package_identification:_identify(.) by extensions ['ignore', 'ignore_ament_install']
[0.206s] Level 1:colcon.colcon_core.package_identification:_identify(.) by extension 'ignore'
[0.206s] Level 1:colcon.colcon_core.package_identification:_identify(.) by extension 'ignore_ament_install'
[0.207s] Level 1:colcon.colcon_core.package_identification:_identify(.) by extensions ['colcon_pkg']
[0.207s] Level 1:colcon.colcon_core.package_identification:_identify(.) by extension 'colcon_pkg'
[0.207s] Level 1:colcon.colcon_core.package_identification:_identify(.) by extensions ['colcon_meta']
[0.207s] Level 1:colcon.colcon_core.package_identification:_identify(.) by extension 'colcon_meta'
[0.207s] Level 1:colcon.colcon_core.package_identification:_identify(.) by extensions ['ros']
[0.207s] Level 1:colcon.colcon_core.package_identification:_identify(.) by extension 'ros'
[0.244s] Level 1:colcon.colcon_core.package_identification:_identify(.) by extensions ['cmake', 'python']
[0.245s] Level 1:colcon.colcon_core.package_identification:_identify(.) by extension 'cmake'
[0.245s] Level 1:colcon.colcon_core.package_identification:_identify(.) by extension 'python'
[0.245s] Level 1:colcon.colcon_core.package_identification:_identify(.) by extensions ['python_setup_py']
[0.245s] Level 1:colcon.colcon_core.package_identification:_identify(.) by extension 'python_setup_py'
[0.245s] Level 1:colcon.colcon_core.package_identification:_identify(build) by extensions ['ignore', 'ignore_ament_install']
[0.245s] Level 1:colcon.colcon_core.package_identification:_identify(build) by extension 'ignore'
[0.245s] Level 1:colcon.colcon_core.package_identification:_identify(build) ignored
[0.245s] Level 1:colcon.colcon_core.package_identification:_identify(install) by extensions ['ignore', 'ignore_ament_install']
[0.245s] Level 1:colcon.colcon_core.package_identification:_identify(install) by extension 'ignore'
[0.245s] Level 1:colcon.colcon_core.package_identification:_identify(install) ignored
[0.246s] Level 1:colcon.colcon_core.package_identification:_identify(log) by extensions ['ignore', 'ignore_ament_install']
[0.246s] Level 1:colcon.colcon_core.package_identification:_identify(log) by extension 'ignore'
[0.246s] Level 1:colcon.colcon_core.package_identification:_identify(log) ignored
[0.246s] Level 1:colcon.colcon_core.package_identification:_identify(src) by extensions ['ignore', 'ignore_ament_install']
[0.246s] Level 1:colcon.colcon_core.package_identification:_identify(src) by extension 'ignore'
[0.246s] Level 1:colcon.colcon_core.package_identification:_identify(src) by extension 'ignore_ament_install'
[0.246s] Level 1:colcon.colcon_core.package_identification:_identify(src) by extensions ['colcon_pkg']
[0.246s] Level 1:colcon.colcon_core.package_identification:_identify(src) by extension 'colcon_pkg'
[0.246s] Level 1:colcon.colcon_core.package_identification:_identify(src) by extensions ['colcon_meta']
[0.246s] Level 1:colcon.colcon_core.package_identification:_identify(src) by extension 'colcon_meta'
[0.246s] Level 1:colcon.colcon_core.package_identification:_identify(src) by extensions ['ros']
[0.246s] Level 1:colcon.colcon_core.package_identification:_identify(src) by extension 'ros'
[0.246s] Level 1:colcon.colcon_core.package_identification:_identify(src) by extensions ['cmake', 'python']
[0.247s] Level 1:colcon.colcon_core.package_identification:_identify(src) by extension 'cmake'
[0.247s] Level 1:colcon.colcon_core.package_identification:_identify(src) by extension 'python'
[0.247s] Level 1:colcon.colcon_core.package_identification:_identify(src) by extensions ['python_setup_py']
[0.247s] Level 1:colcon.colcon_core.package_identification:_identify(src) by extension 'python_setup_py'
[0.247s] Level 1:colcon.colcon_core.package_identification:_identify(src/redshow_control) by extensions ['ignore', 'ignore_ament_install']
[0.247s] Level 1:colcon.colcon_core.package_identification:_identify(src/redshow_control) by extension 'ignore'
[0.247s] Level 1:colcon.colcon_core.package_identification:_identify(src/redshow_control) by extension 'ignore_ament_install'
[0.247s] Level 1:colcon.colcon_core.package_identification:_identify(src/redshow_control) by extensions ['colcon_pkg']
[0.247s] Level 1:colcon.colcon_core.package_identification:_identify(src/redshow_control) by extension 'colcon_pkg'
[0.247s] Level 1:colcon.colcon_core.package_identification:_identify(src/redshow_control) by extensions ['colcon_meta']
[0.247s] Level 1:colcon.colcon_core.package_identification:_identify(src/redshow_control) by extension 'colcon_meta'
[0.247s] Level 1:colcon.colcon_core.package_identification:_identify(src/redshow_control) by extensions ['ros']
[0.247s] Level 1:colcon.colcon_core.package_identification:_identify(src/redshow_control) by extension 'ros'
[0.251s] DEBUG:colcon.colcon_core.package_identification:Package 'src/redshow_control' with type 'ros.ament_python' and name 'redshow_control'
[0.251s] Level 1:colcon.colcon_core.package_identification:_identify(src/redshow_gui) by extensions ['ignore', 'ignore_ament_install']
[0.251s] Level 1:colcon.colcon_core.package_identification:_identify(src/redshow_gui) by extension 'ignore'
[0.251s] Level 1:colcon.colcon_core.package_identification:_identify(src/redshow_gui) by extension 'ignore_ament_install'
[0.251s] Level 1:colcon.colcon_core.package_identification:_identify(src/redshow_gui) by extensions ['colcon_pkg']
[0.251s] Level 1:colcon.colcon_core.package_identification:_identify(src/redshow_gui) by extension 'colcon_pkg'
[0.251s] Level 1:colcon.colcon_core.package_identification:_identify(src/redshow_gui) by extensions ['colcon_meta']
[0.251s] Level 1:colcon.colcon_core.package_identification:_identify(src/redshow_gui) by extension 'colcon_meta'
[0.251s] Level 1:colcon.colcon_core.package_identification:_identify(src/redshow_gui) by extensions ['ros']
[0.251s] Level 1:colcon.colcon_core.package_identification:_identify(src/redshow_gui) by extension 'ros'
[0.252s] DEBUG:colcon.colcon_core.package_identification:Package 'src/redshow_gui' with type 'ros.ament_python' and name 'redshow_gui'
[0.252s] Level 1:colcon.colcon_core.package_discovery:discover_packages(recursive) using defaults
[0.252s] Level 1:colcon.colcon_core.package_discovery:discover_packages(ignore) discover
[0.252s] Level 1:colcon.colcon_core.package_discovery:discover_packages(ignore) using defaults
[0.252s] Level 1:colcon.colcon_core.package_discovery:discover_packages(path) discover
[0.252s] Level 1:colcon.colcon_core.package_discovery:discover_packages(path) using defaults
[0.276s] Level 1:colcon.colcon_core.package_discovery:discover_packages(prefix_path) check parameters
[0.276s] Level 1:colcon.colcon_core.package_discovery:discover_packages(prefix_path) discover
[0.279s] DEBUG:colcon.colcon_installed_package_information.package_discovery:Found 2 installed packages in /home/pi/ros2_ws/install
[0.281s] DEBUG:colcon.colcon_installed_package_information.package_discovery:Found 288 installed packages in /opt/ros/jazzy
[0.283s] Level 1:colcon.colcon_core.package_discovery:discover_packages(prefix_path) using defaults
[0.342s] Level 5:colcon.colcon_core.verb:set package 'redshow_control' build argument 'cmake_args' from command line to 'None'
[0.342s] Level 5:colcon.colcon_core.verb:set package 'redshow_control' build argument 'cmake_target' from command line to 'None'
[0.342s] Level 5:colcon.colcon_core.verb:set package 'redshow_control' build argument 'cmake_target_skip_unavailable' from command line to 'False'
[0.342s] Level 5:colcon.colcon_core.verb:set package 'redshow_control' build argument 'cmake_clean_cache' from command line to 'False'
[0.342s] Level 5:colcon.colcon_core.verb:set package 'redshow_control' build argument 'cmake_clean_first' from command line to 'False'
[0.342s] Level 5:colcon.colcon_core.verb:set package 'redshow_control' build argument 'cmake_force_configure' from command line to 'False'
[0.342s] Level 5:colcon.colcon_core.verb:set package 'redshow_control' build argument 'ament_cmake_args' from command line to 'None'
[0.342s] Level 5:colcon.colcon_core.verb:set package 'redshow_control' build argument 'catkin_cmake_args' from command line to 'None'
[0.342s] Level 5:colcon.colcon_core.verb:set package 'redshow_control' build argument 'catkin_skip_building_tests' from command line to 'False'
[0.342s] DEBUG:colcon.colcon_core.verb:Building package 'redshow_control' with the following arguments: {'ament_cmake_args': None, 'build_base': '/home/pi/ros2_ws/build/redshow_control', 'catkin_cmake_args': None, 'catkin_skip_building_tests': False, 'cmake_args': None, 'cmake_clean_cache': False, 'cmake_clean_first': False, 'cmake_force_configure': False, 'cmake_target': None, 'cmake_target_skip_unavailable': False, 'install_base': '/home/pi/ros2_ws/install/redshow_control', 'merge_install': False, 'path': '/home/pi/ros2_ws/src/redshow_control', 'symlink_install': True, 'test_result_base': None}
[0.343s] Level 5:colcon.colcon_core.verb:set package 'redshow_gui' build argument 'cmake_args' from command line to 'None'
[0.343s] Level 5:colcon.colcon_core.verb:set package 'redshow_gui' build argument 'cmake_target' from command line to 'None'
[0.343s] Level 5:colcon.colcon_core.verb:set package 'redshow_gui' build argument 'cmake_target_skip_unavailable' from command line to 'False'
[0.343s] Level 5:colcon.colcon_core.verb:set package 'redshow_gui' build argument 'cmake_clean_cache' from command line to 'False'
[0.343s] Level 5:colcon.colcon_core.verb:set package 'redshow_gui' build argument 'cmake_clean_first' from command line to 'False'
[0.343s] Level 5:colcon.colcon_core.verb:set package 'redshow_gui' build argument 'cmake_force_configure' from command line to 'False'
[0.343s] Level 5:colcon.colcon_core.verb:set package 'redshow_gui' build argument 'ament_cmake_args' from command line to 'None'
[0.343s] Level 5:colcon.colcon_core.verb:set package 'redshow_gui' build argument 'catkin_cmake_args' from command line to 'None'
[0.343s] Level 5:colcon.colcon_core.verb:set package 'redshow_gui' build argument 'catkin_skip_building_tests' from command line to 'False'
[0.343s] DEBUG:colcon.colcon_core.verb:Building package 'redshow_gui' with the following arguments: {'ament_cmake_args': None, 'build_base': '/home/pi/ros2_ws/build/redshow_gui', 'catkin_cmake_args': None, 'catkin_skip_building_tests': False, 'cmake_args': None, 'cmake_clean_cache': False, 'cmake_clean_first': False, 'cmake_force_configure': False, 'cmake_target': None, 'cmake_target_skip_unavailable': False, 'install_base': '/home/pi/ros2_ws/install/redshow_gui', 'merge_install': False, 'path': '/home/pi/ros2_ws/src/redshow_gui', 'symlink_install': True, 'test_result_base': None}
[0.343s] INFO:colcon.colcon_core.executor:Executing jobs using 'parallel' executor
[0.344s] DEBUG:colcon.colcon_parallel_executor.executor.parallel:run_until_complete
[0.345s] INFO:colcon.colcon_ros.task.ament_python.build:Building ROS package in '/home/pi/ros2_ws/src/redshow_control' with build type 'ament_python'
[0.345s] Level 1:colcon.colcon_core.shell:create_environment_hook('redshow_control', 'ament_prefix_path')
[0.347s] INFO:colcon.colcon_core.plugin_system:Skipping extension 'colcon_core.shell.bat': Not used on non-Windows systems
[0.348s] INFO:colcon.colcon_core.shell:Creating environment hook '/home/pi/ros2_ws/install/redshow_control/share/redshow_control/hook/ament_prefix_path.ps1'
[0.349s] INFO:colcon.colcon_core.shell:Creating environment descriptor '/home/pi/ros2_ws/install/redshow_control/share/redshow_control/hook/ament_prefix_path.dsv'
[0.350s] INFO:colcon.colcon_core.shell:Creating environment hook '/home/pi/ros2_ws/install/redshow_control/share/redshow_control/hook/ament_prefix_path.sh'
[0.352s] INFO:colcon.colcon_core.shell:Skip shell extension 'powershell' for command environment: Not usable outside of PowerShell
[0.352s] DEBUG:colcon.colcon_core.shell:Skip shell extension 'dsv' for command environment
[0.357s] INFO:colcon.colcon_ros.task.ament_python.build:Building ROS package in '/home/pi/ros2_ws/src/redshow_gui' with build type 'ament_python'
[0.357s] Level 1:colcon.colcon_core.shell:create_environment_hook('redshow_gui', 'ament_prefix_path')
[0.357s] INFO:colcon.colcon_core.shell:Creating environment hook '/home/pi/ros2_ws/install/redshow_gui/share/redshow_gui/hook/ament_prefix_path.ps1'
[0.358s] INFO:colcon.colcon_core.shell:Creating environment descriptor '/home/pi/ros2_ws/install/redshow_gui/share/redshow_gui/hook/ament_prefix_path.dsv'
[0.359s] INFO:colcon.colcon_core.shell:Creating environment hook '/home/pi/ros2_ws/install/redshow_gui/share/redshow_gui/hook/ament_prefix_path.sh'
[0.360s] INFO:colcon.colcon_core.shell:Skip shell extension 'powershell' for command environment: Not usable outside of PowerShell
[0.360s] DEBUG:colcon.colcon_core.shell:Skip shell extension 'dsv' for command environment
[0.689s] INFO:colcon.colcon_core.task.python.build:Building Python package in '/home/pi/ros2_ws/src/redshow_control'
[0.690s] INFO:colcon.colcon_core.shell:Skip shell extension 'powershell' for command environment: Not usable outside of PowerShell
[0.690s] DEBUG:colcon.colcon_core.shell:Skip shell extension 'dsv' for command environment
[1.026s] INFO:colcon.colcon_core.task.python.build:Building Python package in '/home/pi/ros2_ws/src/redshow_gui'
[1.026s] INFO:colcon.colcon_core.shell:Skip shell extension 'powershell' for command environment: Not usable outside of PowerShell
[1.026s] DEBUG:colcon.colcon_core.shell:Skip shell extension 'dsv' for command environment
[2.020s] DEBUG:colcon.colcon_core.event_handler.log_command:Invoking command in '/home/pi/ros2_ws/build/redshow_gui': PYTHONPATH=/home/pi/ros2_ws/build/redshow_gui/prefix_override:/usr/lib/python3/dist-packages/colcon_core/task/python/colcon_distutils_commands:/home/pi/ros2_ws/install/redshow_gui/lib/python3.12/site-packages:${PYTHONPATH} /usr/bin/python3 -W ignore:setup.py install is deprecated -W ignore:easy_install command is deprecated setup.py develop --editable --build-directory /home/pi/ros2_ws/build/redshow_gui/build --no-deps symlink_data
[2.024s] DEBUG:colcon.colcon_core.event_handler.log_command:Invoking command in '/home/pi/ros2_ws/build/redshow_control': PYTHONPATH=/home/pi/ros2_ws/build/redshow_control/prefix_override:/usr/lib/python3/dist-packages/colcon_core/task/python/colcon_distutils_commands:/home/pi/ros2_ws/install/redshow_control/lib/python3.12/site-packages:${PYTHONPATH} /usr/bin/python3 -W ignore:setup.py install is deprecated -W ignore:easy_install command is deprecated setup.py develop --editable --build-directory /home/pi/ros2_ws/build/redshow_control/build --no-deps symlink_data
[3.026s] Level 1:colcon.colcon_core.shell:create_environment_hook('redshow_gui', 'pythonpath_develop')
[3.027s] INFO:colcon.colcon_core.shell:Creating environment hook '/home/pi/ros2_ws/build/redshow_gui/share/redshow_gui/hook/pythonpath_develop.ps1'
[3.028s] DEBUG:colcon.colcon_core.event_handler.log_command:Invoked command in '/home/pi/ros2_ws/build/redshow_gui' returned '0': PYTHONPATH=/home/pi/ros2_ws/build/redshow_gui/prefix_override:/usr/lib/python3/dist-packages/colcon_core/task/python/colcon_distutils_commands:/home/pi/ros2_ws/install/redshow_gui/lib/python3.12/site-packages:${PYTHONPATH} /usr/bin/python3 -W ignore:setup.py install is deprecated -W ignore:easy_install command is deprecated setup.py develop --editable --build-directory /home/pi/ros2_ws/build/redshow_gui/build --no-deps symlink_data
[3.029s] INFO:colcon.colcon_core.shell:Creating environment descriptor '/home/pi/ros2_ws/build/redshow_gui/share/redshow_gui/hook/pythonpath_develop.dsv'
[3.030s] INFO:colcon.colcon_core.shell:Creating environment hook '/home/pi/ros2_ws/build/redshow_gui/share/redshow_gui/hook/pythonpath_develop.sh'
[3.036s] Level 1:colcon.colcon_core.environment:checking '/home/pi/ros2_ws/install/redshow_gui' for CMake module files
[3.037s] Level 1:colcon.colcon_core.environment:checking '/home/pi/ros2_ws/install/redshow_gui' for CMake config files
[3.038s] Level 1:colcon.colcon_core.environment:checking '/home/pi/ros2_ws/install/redshow_gui/lib'
[3.038s] Level 1:colcon.colcon_core.environment:checking '/home/pi/ros2_ws/install/redshow_gui/bin'
[3.038s] Level 1:colcon.colcon_core.environment:checking '/home/pi/ros2_ws/install/redshow_gui/lib/pkgconfig/redshow_gui.pc'
[3.039s] Level 1:colcon.colcon_core.environment:checking '/home/pi/ros2_ws/install/redshow_gui/lib/python3.12/site-packages'
[3.039s] Level 1:colcon.colcon_core.shell:create_environment_hook('redshow_gui', 'pythonpath')
[3.039s] INFO:colcon.colcon_core.shell:Creating environment hook '/home/pi/ros2_ws/install/redshow_gui/share/redshow_gui/hook/pythonpath.ps1'
[3.040s] INFO:colcon.colcon_core.shell:Creating environment descriptor '/home/pi/ros2_ws/install/redshow_gui/share/redshow_gui/hook/pythonpath.dsv'
[3.041s] INFO:colcon.colcon_core.shell:Creating environment hook '/home/pi/ros2_ws/install/redshow_gui/share/redshow_gui/hook/pythonpath.sh'
[3.042s] Level 1:colcon.colcon_core.environment:checking '/home/pi/ros2_ws/install/redshow_gui/bin'
[3.042s] Level 1:colcon.colcon_core.environment:create_environment_scripts_only(redshow_gui)
[3.042s] INFO:colcon.colcon_core.shell:Creating package script '/home/pi/ros2_ws/install/redshow_gui/share/redshow_gui/package.ps1'
[3.043s] INFO:colcon.colcon_core.shell:Creating package descriptor '/home/pi/ros2_ws/install/redshow_gui/share/redshow_gui/package.dsv'
[3.044s] INFO:colcon.colcon_core.shell:Creating package script '/home/pi/ros2_ws/install/redshow_gui/share/redshow_gui/package.sh'
[3.045s] INFO:colcon.colcon_core.shell:Creating package script '/home/pi/ros2_ws/install/redshow_gui/share/redshow_gui/package.bash'
[3.046s] INFO:colcon.colcon_core.shell:Creating package script '/home/pi/ros2_ws/install/redshow_gui/share/redshow_gui/package.zsh'
[3.047s] Level 1:colcon.colcon_core.environment:create_file_with_runtime_dependencies(/home/pi/ros2_ws/install/redshow_gui/share/colcon-core/packages/redshow_gui)
[3.049s] Level 1:colcon.colcon_core.shell:create_environment_hook('redshow_control', 'pythonpath_develop')
[3.050s] INFO:colcon.colcon_core.shell:Creating environment hook '/home/pi/ros2_ws/build/redshow_control/share/redshow_control/hook/pythonpath_develop.ps1'
[3.050s] DEBUG:colcon.colcon_core.event_handler.log_command:Invoked command in '/home/pi/ros2_ws/build/redshow_control' returned '0': PYTHONPATH=/home/pi/ros2_ws/build/redshow_control/prefix_override:/usr/lib/python3/dist-packages/colcon_core/task/python/colcon_distutils_commands:/home/pi/ros2_ws/install/redshow_control/lib/python3.12/site-packages:${PYTHONPATH} /usr/bin/python3 -W ignore:setup.py install is deprecated -W ignore:easy_install command is deprecated setup.py develop --editable --build-directory /home/pi/ros2_ws/build/redshow_control/build --no-deps symlink_data
[3.051s] INFO:colcon.colcon_core.shell:Creating environment descriptor '/home/pi/ros2_ws/build/redshow_control/share/redshow_control/hook/pythonpath_develop.dsv'
[3.052s] INFO:colcon.colcon_core.shell:Creating environment hook '/home/pi/ros2_ws/build/redshow_control/share/redshow_control/hook/pythonpath_develop.sh'
[3.053s] Level 1:colcon.colcon_core.environment:checking '/home/pi/ros2_ws/install/redshow_control' for CMake module files
[3.053s] Level 1:colcon.colcon_core.environment:checking '/home/pi/ros2_ws/install/redshow_control' for CMake config files
[3.054s] Level 1:colcon.colcon_core.environment:checking '/home/pi/ros2_ws/install/redshow_control/lib'
[3.054s] Level 1:colcon.colcon_core.environment:checking '/home/pi/ros2_ws/install/redshow_control/bin'
[3.054s] Level 1:colcon.colcon_core.environment:checking '/home/pi/ros2_ws/install/redshow_control/lib/pkgconfig/redshow_control.pc'
[3.054s] Level 1:colcon.colcon_core.environment:checking '/home/pi/ros2_ws/install/redshow_control/lib/python3.12/site-packages'
[3.054s] Level 1:colcon.colcon_core.shell:create_environment_hook('redshow_control', 'pythonpath')
[3.055s] INFO:colcon.colcon_core.shell:Creating environment hook '/home/pi/ros2_ws/install/redshow_control/share/redshow_control/hook/pythonpath.ps1'
[3.055s] INFO:colcon.colcon_core.shell:Creating environment descriptor '/home/pi/ros2_ws/install/redshow_control/share/redshow_control/hook/pythonpath.dsv'
[3.056s] INFO:colcon.colcon_core.shell:Creating environment hook '/home/pi/ros2_ws/install/redshow_control/share/redshow_control/hook/pythonpath.sh'
[3.059s] Level 1:colcon.colcon_core.environment:checking '/home/pi/ros2_ws/install/redshow_control/bin'
[3.059s] Level 1:colcon.colcon_core.environment:create_environment_scripts_only(redshow_control)
[3.060s] INFO:colcon.colcon_core.shell:Creating package script '/home/pi/ros2_ws/install/redshow_control/share/redshow_control/package.ps1'
[3.060s] INFO:colcon.colcon_core.shell:Creating package descriptor '/home/pi/ros2_ws/install/redshow_control/share/redshow_control/package.dsv'
[3.061s] INFO:colcon.colcon_core.shell:Creating package script '/home/pi/ros2_ws/install/redshow_control/share/redshow_control/package.sh'
[3.062s] INFO:colcon.colcon_core.shell:Creating package script '/home/pi/ros2_ws/install/redshow_control/share/redshow_control/package.bash'
[3.062s] INFO:colcon.colcon_core.shell:Creating package script '/home/pi/ros2_ws/install/redshow_control/share/redshow_control/package.zsh'
[3.065s] Level 1:colcon.colcon_core.environment:create_file_with_runtime_dependencies(/home/pi/ros2_ws/install/redshow_control/share/colcon-core/packages/redshow_control)
[3.066s] DEBUG:colcon.colcon_parallel_executor.executor.parallel:closing loop
[3.066s] DEBUG:colcon.colcon_parallel_executor.executor.parallel:loop closed
[3.067s] DEBUG:colcon.colcon_parallel_executor.executor.parallel:run_until_complete finished with '0'
[3.067s] DEBUG:colcon.colcon_core.event_reactor:joining thread
[3.075s] INFO:colcon.colcon_core.plugin_system:Skipping extension 'colcon_notification.desktop_notification.notify_send': Could not find 'notify-send'
[3.075s] INFO:colcon.colcon_core.plugin_system:Skipping extension 'colcon_notification.desktop_notification.terminal_notifier': Not used on non-Darwin systems
[3.075s] INFO:colcon.colcon_core.plugin_system:Skipping extension 'colcon_notification.desktop_notification.win32': Not used on non-Windows systems
[3.075s] INFO:colcon.colcon_notification.desktop_notification:Sending desktop notification using 'notify2'
[3.076s] DEBUG:colcon.colcon_notification.desktop_notification.notify2:Failed to initialize notify2: org.freedesktop.DBus.Error.ServiceUnknown: The name org.freedesktop.Notifications was not provided by any .service files
[3.076s] DEBUG:colcon.colcon_core.event_reactor:joined thread
[3.077s] INFO:colcon.colcon_core.shell:Creating prefix script '/home/pi/ros2_ws/install/local_setup.ps1'
[3.078s] INFO:colcon.colcon_core.shell:Creating prefix util module '/home/pi/ros2_ws/install/_local_setup_util_ps1.py'
[3.080s] INFO:colcon.colcon_core.shell:Creating prefix chain script '/home/pi/ros2_ws/install/setup.ps1'
[3.081s] INFO:colcon.colcon_core.shell:Creating prefix script '/home/pi/ros2_ws/install/local_setup.sh'
[3.082s] INFO:colcon.colcon_core.shell:Creating prefix util module '/home/pi/ros2_ws/install/_local_setup_util_sh.py'
[3.083s] INFO:colcon.colcon_core.shell:Creating prefix chain script '/home/pi/ros2_ws/install/setup.sh'
[3.084s] INFO:colcon.colcon_core.shell:Creating prefix script '/home/pi/ros2_ws/install/local_setup.bash'
[3.085s] INFO:colcon.colcon_core.shell:Creating prefix chain script '/home/pi/ros2_ws/install/setup.bash'
[3.086s] INFO:colcon.colcon_core.shell:Creating prefix script '/home/pi/ros2_ws/install/local_setup.zsh'
[3.087s] INFO:colcon.colcon_core.shell:Creating prefix chain script '/home/pi/ros2_ws/install/setup.zsh'
