[0.000000] (-) TimerEvent: {}
[0.000274] (-) JobUnselected: {'identifier': 'redshow_gui'}
[0.000325] (redshow_control) JobQueued: {'identifier': 'redshow_control', 'dependencies': OrderedDict()}
[0.000617] (redshow_control) JobStarted: {'identifier': 'redshow_control'}
[0.099538] (-) TimerEvent: {}
[0.199764] (-) TimerEvent: {}
[0.300074] (-) TimerEvent: {}
[0.400420] (-) TimerEvent: {}
[0.500668] (-) TimerEvent: {}
[0.600888] (-) TimerEvent: {}
[0.701114] (-) TimerEvent: {}
[0.801360] (-) TimerEvent: {}
[0.901587] (-) TimerEvent: {}
[1.001801] (-) TimerEvent: {}
[1.102023] (-) TimerEvent: {}
[1.202278] (-) TimerEvent: {}
[1.249031] (redshow_control) Command: {'cmd': ['/usr/bin/python3', '-W', 'ignore:setup.py install is deprecated', '-W', 'ignore:easy_install command is deprecated', 'setup.py', 'develop', '--editable', '--build-directory', '/home/pi/ros2_ws/build/redshow_control/build', '--no-deps', 'symlink_data'], 'cwd': '/home/pi/ros2_ws/build/redshow_control', 'env': {'LESSOPEN': '| /usr/bin/lesspipe %s', 'VSCODE_CWD': '/home/pi', 'VSCODE_ESM_ENTRYPOINT': 'vs/workbench/api/node/extensionHostProcess', 'USER': 'pi', 'SSH_CLIENT': '10.239.232.11 35676 22', 'LC_TIME': 'ko_KR.UTF-8', 'VSCODE_NLS_CONFIG': '{"userLocale":"en","osLocale":"en","resolvedLanguage":"en","defaultMessagesFile":"/home/pi/.cursor-server/bin/f5edf5b2fdaaf0f44d324fa092a32515ce114c90/out/nls.messages.json","locale":"en","availableLanguages":{}}', 'VSCODE_HANDLES_UNCAUGHT_ERRORS': 'true', 'XDG_SESSION_TYPE': 'tty', 'SHLVL': '2', 'LD_LIBRARY_PATH': '/opt/ros/jazzy/opt/rviz_ogre_vendor/lib:/opt/ros/jazzy/lib/aarch64-linux-gnu:/opt/ros/jazzy/opt/gz_math_vendor/lib:/opt/ros/jazzy/opt/gz_utils_vendor/lib:/opt/ros/jazzy/opt/gz_cmake_vendor/lib:/opt/ros/jazzy/lib', 'BROWSER': '/home/pi/.cursor-server/bin/f5edf5b2fdaaf0f44d324fa092a32515ce114c90/bin/helpers/browser.sh', 'HOME': '/home/pi', 'OLDPWD': '/home/pi/ros2_ws', 'VSCODE_IPC_HOOK_CLI': '/run/user/1000/vscode-ipc-1c1b8d03-a572-42e2-ad4e-944398d0254e.sock', 'ROS_PYTHON_VERSION': '3', 'LC_MONETARY': 'ko_KR.UTF-8', 'NO_COLOR': '1', 'DBUS_SESSION_BUS_ADDRESS': 'unix:path=/run/user/1000/bus', 'ROS_DISTRO': 'jazzy', 'LOGNAME': 'pi', 'FORCE_COLOR': '0', 'VSCODE_HANDLES_SIGPIPE': 'true', '_': '/usr/bin/colcon', 'ROS_VERSION': '2', 'XDG_SESSION_CLASS': 'user', 'TERM': 'dumb', 'XDG_SESSION_ID': '1', 'COMPOSER_NO_INTERACTION': '1', 'PATH': '/opt/ros/jazzy/bin:/home/pi/.local/bin:/home/pi/.cursor-server/bin/f5edf5b2fdaaf0f44d324fa092a32515ce114c90/bin/remote-cli:/home/pi/.local/bin:/home/pi/.cursor-server/bin/f5edf5b2fdaaf0f44d324fa092a32515ce114c90/bin/remote-cli:/home/pi/.local/bin:/usr/local/sbin:/usr/local/bin:/usr/sbin:/usr/bin:/sbin:/bin:/usr/games:/usr/local/games:/snap/bin', 'VSCODE_AGENT_FOLDER': '/home/pi/.cursor-server', 'LC_ADDRESS': 'ko_KR.UTF-8', 'XDG_RUNTIME_DIR': '/run/user/1000', 'CURSOR_AGENT': '1', 'LANG': 'en_US.UTF-8', 'LC_TELEPHONE': 'ko_KR.UTF-8', 'LS_COLORS': '', 'AMENT_PREFIX_PATH': '/opt/ros/jazzy', 'SHELL': '/bin/bash', 'LC_NAME': 'ko_KR.UTF-8', 'VSCODE_SERVER_SHUTDOWN_TIMEOUT': '300', 'LESSCLOSE': '/usr/bin/lesspipe %s %s', 'LC_MEASUREMENT': 'ko_KR.UTF-8', 'LC_IDENTIFICATION': 'ko_KR.UTF-8', 'ROS_AUTOMATIC_DISCOVERY_RANGE': 'SUBNET', 'PWD': '/home/pi/ros2_ws/build/redshow_control', 'LC_ALL': 'en_US.UTF-8', 'SSH_CONNECTION': '10.239.232.11 35676 10.239.232.249 22', 'XDG_DATA_DIRS': '/usr/local/share:/usr/share:/var/lib/snapd/desktop', 'PYTHONPATH': '/home/pi/ros2_ws/build/redshow_control/prefix_override:/usr/lib/python3/dist-packages/colcon_core/task/python/colcon_distutils_commands:/home/pi/ros2_ws/install/redshow_control/lib/python3.12/site-packages:/opt/ros/jazzy/lib/python3.12/site-packages', 'LC_NUMERIC': 'ko_KR.UTF-8', 'LC_PAPER': 'ko_KR.UTF-8', 'COLCON': '1', '_ZO_DOCTOR': '0', 'CMAKE_PREFIX_PATH': '/opt/ros/jazzy/opt/gz_math_vendor:/opt/ros/jazzy/opt/gz_utils_vendor:/opt/ros/jazzy/opt/gz_cmake_vendor'}, 'shell': False}
[1.302405] (-) TimerEvent: {}
[1.402660] (-) TimerEvent: {}
[1.502889] (-) TimerEvent: {}
[1.603101] (-) TimerEvent: {}
[1.703316] (-) TimerEvent: {}
[1.725565] (redshow_control) StdoutLine: {'line': b'running develop\n'}
[1.803419] (-) TimerEvent: {}
[1.903622] (-) TimerEvent: {}
[2.003843] (-) TimerEvent: {}
[2.013309] (redshow_control) StdoutLine: {'line': b'running egg_info\n'}
[2.040663] (redshow_control) StdoutLine: {'line': b'writing redshow_control.egg-info/PKG-INFO\n'}
[2.041159] (redshow_control) StdoutLine: {'line': b'writing dependency_links to redshow_control.egg-info/dependency_links.txt\n'}
[2.043628] (redshow_control) StdoutLine: {'line': b'writing entry points to redshow_control.egg-info/entry_points.txt\n'}
[2.044204] (redshow_control) StdoutLine: {'line': b'writing requirements to redshow_control.egg-info/requires.txt\n'}
[2.044867] (redshow_control) StdoutLine: {'line': b'writing top-level names to redshow_control.egg-info/top_level.txt\n'}
[2.103977] (redshow_control) StdoutLine: {'line': b"reading manifest file 'redshow_control.egg-info/SOURCES.txt'\n"}
[2.104274] (-) TimerEvent: {}
[2.105092] (redshow_control) StdoutLine: {'line': b"writing manifest file 'redshow_control.egg-info/SOURCES.txt'\n"}
[2.133502] (redshow_control) StdoutLine: {'line': b'running build_ext\n'}
[2.133817] (redshow_control) StdoutLine: {'line': b'Creating /home/pi/ros2_ws/install/redshow_control/lib/python3.12/site-packages/redshow-control.egg-link (link to .)\n'}
[2.134694] (redshow_control) StdoutLine: {'line': b'Installing redshow_control_node script to /home/pi/ros2_ws/install/redshow_control/lib/redshow_control\n'}
[2.135210] (redshow_control) StdoutLine: {'line': b'\n'}
[2.135560] (redshow_control) StdoutLine: {'line': b'Installed /home/pi/ros2_ws/build/redshow_control\n'}
[2.135713] (redshow_control) StdoutLine: {'line': b'running symlink_data\n'}
[2.204459] (-) TimerEvent: {}
[2.233015] (redshow_control) CommandEnded: {'returncode': 0}
[2.251424] (redshow_control) JobEnded: {'identifier': 'redshow_control', 'rc': 0}
[2.252250] (-) EventReactorShutdown: {}
