[0.367s] Invoking command in '/home/hansol/redshow/build/redshow_control': CONDA_PROMPT_MODIFIER=(isaaclab) PYTHONPATH=/home/hansol/redshow/build/redshow_control/prefix_override:/usr/lib/python3/dist-packages/colcon_core/task/python/colcon_distutils_commands:/home/hansol/redshow/install/redshow_control/lib/python3.10/site-packages:${PYTHONPATH} /usr/bin/python3 -W ignore:setup.py install is deprecated -W ignore:easy_install command is deprecated setup.py develop --editable --build-directory /home/hansol/redshow/build/redshow_control/build --no-deps symlink_data
[0.477s] running develop
[0.539s] running egg_info
[0.539s] writing redshow_control.egg-info/PKG-INFO
[0.541s] writing dependency_links to redshow_control.egg-info/dependency_links.txt
[0.541s] writing entry points to redshow_control.egg-info/entry_points.txt
[0.541s] writing requirements to redshow_control.egg-info/requires.txt
[0.541s] writing top-level names to redshow_control.egg-info/top_level.txt
[0.541s] reading manifest file 'redshow_control.egg-info/SOURCES.txt'
[0.541s] writing manifest file 'redshow_control.egg-info/SOURCES.txt'
[0.541s] running build_ext
[0.541s] Creating /home/hansol/redshow/install/redshow_control/lib/python3.10/site-packages/redshow-control.egg-link (link to .)
[0.542s] Installing bno085_test_node script to /home/hansol/redshow/install/redshow_control/lib/redshow_control
[0.542s] Installing redshow_control_node script to /home/hansol/redshow/install/redshow_control/lib/redshow_control
[0.542s] Installing test_adaptation_module_publisher script to /home/hansol/redshow/install/redshow_control/lib/redshow_control
[0.542s] Installing test_feedback_publisher script to /home/hansol/redshow/install/redshow_control/lib/redshow_control
[0.542s] 
[0.543s] Installed /home/hansol/redshow/build/redshow_control
[0.543s] running symlink_data
[0.556s] Invoked command in '/home/hansol/redshow/build/redshow_control' returned '0': CONDA_PROMPT_MODIFIER=(isaaclab) PYTHONPATH=/home/hansol/redshow/build/redshow_control/prefix_override:/usr/lib/python3/dist-packages/colcon_core/task/python/colcon_distutils_commands:/home/hansol/redshow/install/redshow_control/lib/python3.10/site-packages:${PYTHONPATH} /usr/bin/python3 -W ignore:setup.py install is deprecated -W ignore:easy_install command is deprecated setup.py develop --editable --build-directory /home/hansol/redshow/build/redshow_control/build --no-deps symlink_data
