[0.278s] DEBUG:colcon:Command line arguments: ['/usr/bin/colcon', 'build', '--symlink-install']
[0.278s] DEBUG:colcon:Parsed command line arguments: Namespace(log_base=None, log_level=None, verb_name='build', build_base='build', install_base='install', merge_install=False, symlink_install=True, test_result_base=None, continue_on_error=False, executor='parallel', parallel_workers=4, event_handlers=None, ignore_user_meta=False, metas=['./colcon.meta'], base_paths=['.'], packages_ignore=None, packages_ignore_regex=None, paths=None, packages_up_to=None, packages_up_to_regex=None, packages_above=None, packages_above_and_dependencies=None, packages_above_depth=None, packages_select_by_dep=None, packages_skip_by_dep=None, packages_skip_up_to=None, packages_select_build_failed=False, packages_skip_build_finished=False, packages_select_test_failures=False, packages_skip_test_passed=False, packages_select=None, packages_skip=None, packages_select_regex=None, packages_skip_regex=None, packages_start=None, packages_end=None, allow_overriding=[], cmake_args=None, cmake_target=None, cmake_target_skip_unavailable=False, cmake_clean_cache=False, cmake_clean_first=False, cmake_force_configure=False, ament_cmake_args=None, catkin_cmake_args=None, catkin_skip_building_tests=False, mixin_files=None, mixin=None, verb_parser=<colcon_mixin.mixin.mixin_argument.MixinArgumentDecorator object at 0xffffbcd3bec0>, verb_extension=<colcon_core.verb.build.BuildVerb object at 0xffffbd7ba5a0>, main=<bound method BuildVerb.main of <colcon_core.verb.build.BuildVerb object at 0xffffbd7ba5a0>>, mixin_verb=('build',))
[0.396s] Level 1:colcon.colcon_core.package_discovery:discover_packages(colcon_meta) check parameters
[0.396s] Level 1:colcon.colcon_core.package_discovery:discover_packages(recursive) check parameters
[0.396s] Level 1:colcon.colcon_core.package_discovery:discover_packages(ignore) check parameters
[0.396s] Level 1:colcon.colcon_core.package_discovery:discover_packages(path) check parameters
[0.396s] Level 1:colcon.colcon_core.package_discovery:discover_packages(colcon_meta) discover
[0.396s] Level 1:colcon.colcon_core.package_discovery:discover_packages(recursive) discover
[0.396s] INFO:colcon.colcon_core.package_discovery:Crawling recursively for packages in '/home/pi/ros2_ws'
[0.396s] Level 1:colcon.colcon_core.package_identification:_identify(.) by extensions ['ignore', 'ignore_ament_install']
[0.396s] Level 1:colcon.colcon_core.package_identification:_identify(.) by extension 'ignore'
[0.397s] Level 1:colcon.colcon_core.package_identification:_identify(.) by extension 'ignore_ament_install'
[0.397s] Level 1:colcon.colcon_core.package_identification:_identify(.) by extensions ['colcon_pkg']
[0.397s] Level 1:colcon.colcon_core.package_identification:_identify(.) by extension 'colcon_pkg'
[0.397s] Level 1:colcon.colcon_core.package_identification:_identify(.) by extensions ['colcon_meta']
[0.397s] Level 1:colcon.colcon_core.package_identification:_identify(.) by extension 'colcon_meta'
[0.397s] Level 1:colcon.colcon_core.package_identification:_identify(.) by extensions ['ros']
[0.397s] Level 1:colcon.colcon_core.package_identification:_identify(.) by extension 'ros'
[0.440s] Level 1:colcon.colcon_core.package_identification:_identify(.) by extensions ['cmake', 'python']
[0.440s] Level 1:colcon.colcon_core.package_identification:_identify(.) by extension 'cmake'
[0.440s] Level 1:colcon.colcon_core.package_identification:_identify(.) by extension 'python'
[0.440s] Level 1:colcon.colcon_core.package_identification:_identify(.) by extensions ['python_setup_py']
[0.440s] Level 1:colcon.colcon_core.package_identification:_identify(.) by extension 'python_setup_py'
[0.441s] Level 1:colcon.colcon_core.package_identification:_identify(build) by extensions ['ignore', 'ignore_ament_install']
[0.441s] Level 1:colcon.colcon_core.package_identification:_identify(build) by extension 'ignore'
[0.441s] Level 1:colcon.colcon_core.package_identification:_identify(build) ignored
[0.441s] Level 1:colcon.colcon_core.package_identification:_identify(install) by extensions ['ignore', 'ignore_ament_install']
[0.441s] Level 1:colcon.colcon_core.package_identification:_identify(install) by extension 'ignore'
[0.441s] Level 1:colcon.colcon_core.package_identification:_identify(install) ignored
[0.441s] Level 1:colcon.colcon_core.package_identification:_identify(log) by extensions ['ignore', 'ignore_ament_install']
[0.441s] Level 1:colcon.colcon_core.package_identification:_identify(log) by extension 'ignore'
[0.441s] Level 1:colcon.colcon_core.package_identification:_identify(log) ignored
[0.441s] Level 1:colcon.colcon_core.package_identification:_identify(src) by extensions ['ignore', 'ignore_ament_install']
[0.441s] Level 1:colcon.colcon_core.package_identification:_identify(src) by extension 'ignore'
[0.442s] Level 1:colcon.colcon_core.package_identification:_identify(src) by extension 'ignore_ament_install'
[0.442s] Level 1:colcon.colcon_core.package_identification:_identify(src) by extensions ['colcon_pkg']
[0.442s] Level 1:colcon.colcon_core.package_identification:_identify(src) by extension 'colcon_pkg'
[0.442s] Level 1:colcon.colcon_core.package_identification:_identify(src) by extensions ['colcon_meta']
[0.442s] Level 1:colcon.colcon_core.package_identification:_identify(src) by extension 'colcon_meta'
[0.442s] Level 1:colcon.colcon_core.package_identification:_identify(src) by extensions ['ros']
[0.442s] Level 1:colcon.colcon_core.package_identification:_identify(src) by extension 'ros'
[0.442s] Level 1:colcon.colcon_core.package_identification:_identify(src) by extensions ['cmake', 'python']
[0.442s] Level 1:colcon.colcon_core.package_identification:_identify(src) by extension 'cmake'
[0.442s] Level 1:colcon.colcon_core.package_identification:_identify(src) by extension 'python'
[0.442s] Level 1:colcon.colcon_core.package_identification:_identify(src) by extensions ['python_setup_py']
[0.442s] Level 1:colcon.colcon_core.package_identification:_identify(src) by extension 'python_setup_py'
[0.442s] Level 1:colcon.colcon_core.package_identification:_identify(src/asset_arma) by extensions ['ignore', 'ignore_ament_install']
[0.442s] Level 1:colcon.colcon_core.package_identification:_identify(src/asset_arma) by extension 'ignore'
[0.442s] Level 1:colcon.colcon_core.package_identification:_identify(src/asset_arma) by extension 'ignore_ament_install'
[0.442s] Level 1:colcon.colcon_core.package_identification:_identify(src/asset_arma) by extensions ['colcon_pkg']
[0.443s] Level 1:colcon.colcon_core.package_identification:_identify(src/asset_arma) by extension 'colcon_pkg'
[0.443s] Level 1:colcon.colcon_core.package_identification:_identify(src/asset_arma) by extensions ['colcon_meta']
[0.443s] Level 1:colcon.colcon_core.package_identification:_identify(src/asset_arma) by extension 'colcon_meta'
[0.443s] Level 1:colcon.colcon_core.package_identification:_identify(src/asset_arma) by extensions ['ros']
[0.443s] Level 1:colcon.colcon_core.package_identification:_identify(src/asset_arma) by extension 'ros'
[0.443s] Level 1:colcon.colcon_core.package_identification:_identify(src/asset_arma) by extensions ['cmake', 'python']
[0.443s] Level 1:colcon.colcon_core.package_identification:_identify(src/asset_arma) by extension 'cmake'
[0.443s] Level 1:colcon.colcon_core.package_identification:_identify(src/asset_arma) by extension 'python'
[0.443s] Level 1:colcon.colcon_core.package_identification:_identify(src/asset_arma) by extensions ['python_setup_py']
[0.443s] Level 1:colcon.colcon_core.package_identification:_identify(src/asset_arma) by extension 'python_setup_py'
[0.443s] Level 1:colcon.colcon_core.package_identification:_identify(src/asset_vanilla) by extensions ['ignore', 'ignore_ament_install']
[0.443s] Level 1:colcon.colcon_core.package_identification:_identify(src/asset_vanilla) by extension 'ignore'
[0.443s] Level 1:colcon.colcon_core.package_identification:_identify(src/asset_vanilla) by extension 'ignore_ament_install'
[0.443s] Level 1:colcon.colcon_core.package_identification:_identify(src/asset_vanilla) by extensions ['colcon_pkg']
[0.443s] Level 1:colcon.colcon_core.package_identification:_identify(src/asset_vanilla) by extension 'colcon_pkg'
[0.443s] Level 1:colcon.colcon_core.package_identification:_identify(src/asset_vanilla) by extensions ['colcon_meta']
[0.443s] Level 1:colcon.colcon_core.package_identification:_identify(src/asset_vanilla) by extension 'colcon_meta'
[0.443s] Level 1:colcon.colcon_core.package_identification:_identify(src/asset_vanilla) by extensions ['ros']
[0.444s] Level 1:colcon.colcon_core.package_identification:_identify(src/asset_vanilla) by extension 'ros'
[0.444s] Level 1:colcon.colcon_core.package_identification:_identify(src/asset_vanilla) by extensions ['cmake', 'python']
[0.444s] Level 1:colcon.colcon_core.package_identification:_identify(src/asset_vanilla) by extension 'cmake'
[0.444s] Level 1:colcon.colcon_core.package_identification:_identify(src/asset_vanilla) by extension 'python'
[0.444s] Level 1:colcon.colcon_core.package_identification:_identify(src/asset_vanilla) by extensions ['python_setup_py']
[0.444s] Level 1:colcon.colcon_core.package_identification:_identify(src/asset_vanilla) by extension 'python_setup_py'
[0.444s] Level 1:colcon.colcon_core.package_identification:_identify(src/redshow_control) by extensions ['ignore', 'ignore_ament_install']
[0.444s] Level 1:colcon.colcon_core.package_identification:_identify(src/redshow_control) by extension 'ignore'
[0.444s] Level 1:colcon.colcon_core.package_identification:_identify(src/redshow_control) by extension 'ignore_ament_install'
[0.444s] Level 1:colcon.colcon_core.package_identification:_identify(src/redshow_control) by extensions ['colcon_pkg']
[0.444s] Level 1:colcon.colcon_core.package_identification:_identify(src/redshow_control) by extension 'colcon_pkg'
[0.444s] Level 1:colcon.colcon_core.package_identification:_identify(src/redshow_control) by extensions ['colcon_meta']
[0.444s] Level 1:colcon.colcon_core.package_identification:_identify(src/redshow_control) by extension 'colcon_meta'
[0.444s] Level 1:colcon.colcon_core.package_identification:_identify(src/redshow_control) by extensions ['ros']
[0.444s] Level 1:colcon.colcon_core.package_identification:_identify(src/redshow_control) by extension 'ros'
[0.450s] DEBUG:colcon.colcon_core.package_identification:Package 'src/redshow_control' with type 'ros.ament_python' and name 'redshow_control'
[0.450s] Level 1:colcon.colcon_core.package_identification:_identify(src/redshow_gui) by extensions ['ignore', 'ignore_ament_install']
[0.450s] Level 1:colcon.colcon_core.package_identification:_identify(src/redshow_gui) by extension 'ignore'
[0.450s] Level 1:colcon.colcon_core.package_identification:_identify(src/redshow_gui) by extension 'ignore_ament_install'
[0.450s] Level 1:colcon.colcon_core.package_identification:_identify(src/redshow_gui) by extensions ['colcon_pkg']
[0.450s] Level 1:colcon.colcon_core.package_identification:_identify(src/redshow_gui) by extension 'colcon_pkg'
[0.450s] Level 1:colcon.colcon_core.package_identification:_identify(src/redshow_gui) by extensions ['colcon_meta']
[0.451s] Level 1:colcon.colcon_core.package_identification:_identify(src/redshow_gui) by extension 'colcon_meta'
[0.451s] Level 1:colcon.colcon_core.package_identification:_identify(src/redshow_gui) by extensions ['ros']
[0.451s] Level 1:colcon.colcon_core.package_identification:_identify(src/redshow_gui) by extension 'ros'
[0.452s] DEBUG:colcon.colcon_core.package_identification:Package 'src/redshow_gui' with type 'ros.ament_python' and name 'redshow_gui'
[0.452s] Level 1:colcon.colcon_core.package_discovery:discover_packages(recursive) using defaults
[0.452s] Level 1:colcon.colcon_core.package_discovery:discover_packages(ignore) discover
[0.452s] Level 1:colcon.colcon_core.package_discovery:discover_packages(ignore) using defaults
[0.452s] Level 1:colcon.colcon_core.package_discovery:discover_packages(path) discover
[0.452s] Level 1:colcon.colcon_core.package_discovery:discover_packages(path) using defaults
[0.493s] Level 1:colcon.colcon_core.package_discovery:discover_packages(prefix_path) check parameters
[0.493s] Level 1:colcon.colcon_core.package_discovery:discover_packages(prefix_path) discover
[0.498s] DEBUG:colcon.colcon_installed_package_information.package_discovery:Found 2 installed packages in /home/pi/ros2_ws/install
[0.501s] DEBUG:colcon.colcon_installed_package_information.package_discovery:Found 288 installed packages in /opt/ros/jazzy
[0.504s] Level 1:colcon.colcon_core.package_discovery:discover_packages(prefix_path) using defaults
[0.571s] Level 5:colcon.colcon_core.verb:set package 'redshow_control' build argument 'cmake_args' from command line to 'None'
[0.571s] Level 5:colcon.colcon_core.verb:set package 'redshow_control' build argument 'cmake_target' from command line to 'None'
[0.571s] Level 5:colcon.colcon_core.verb:set package 'redshow_control' build argument 'cmake_target_skip_unavailable' from command line to 'False'
[0.571s] Level 5:colcon.colcon_core.verb:set package 'redshow_control' build argument 'cmake_clean_cache' from command line to 'False'
[0.571s] Level 5:colcon.colcon_core.verb:set package 'redshow_control' build argument 'cmake_clean_first' from command line to 'False'
[0.571s] Level 5:colcon.colcon_core.verb:set package 'redshow_control' build argument 'cmake_force_configure' from command line to 'False'
[0.571s] Level 5:colcon.colcon_core.verb:set package 'redshow_control' build argument 'ament_cmake_args' from command line to 'None'
[0.571s] Level 5:colcon.colcon_core.verb:set package 'redshow_control' build argument 'catkin_cmake_args' from command line to 'None'
[0.571s] Level 5:colcon.colcon_core.verb:set package 'redshow_control' build argument 'catkin_skip_building_tests' from command line to 'False'
[0.572s] DEBUG:colcon.colcon_core.verb:Building package 'redshow_control' with the following arguments: {'ament_cmake_args': None, 'build_base': '/home/pi/ros2_ws/build/redshow_control', 'catkin_cmake_args': None, 'catkin_skip_building_tests': False, 'cmake_args': None, 'cmake_clean_cache': False, 'cmake_clean_first': False, 'cmake_force_configure': False, 'cmake_target': None, 'cmake_target_skip_unavailable': False, 'install_base': '/home/pi/ros2_ws/install/redshow_control', 'merge_install': False, 'path': '/home/pi/ros2_ws/src/redshow_control', 'symlink_install': True, 'test_result_base': None}
[0.572s] Level 5:colcon.colcon_core.verb:set package 'redshow_gui' build argument 'cmake_args' from command line to 'None'
[0.572s] Level 5:colcon.colcon_core.verb:set package 'redshow_gui' build argument 'cmake_target' from command line to 'None'
[0.572s] Level 5:colcon.colcon_core.verb:set package 'redshow_gui' build argument 'cmake_target_skip_unavailable' from command line to 'False'
[0.572s] Level 5:colcon.colcon_core.verb:set package 'redshow_gui' build argument 'cmake_clean_cache' from command line to 'False'
[0.572s] Level 5:colcon.colcon_core.verb:set package 'redshow_gui' build argument 'cmake_clean_first' from command line to 'False'
[0.572s] Level 5:colcon.colcon_core.verb:set package 'redshow_gui' build argument 'cmake_force_configure' from command line to 'False'
[0.572s] Level 5:colcon.colcon_core.verb:set package 'redshow_gui' build argument 'ament_cmake_args' from command line to 'None'
[0.572s] Level 5:colcon.colcon_core.verb:set package 'redshow_gui' build argument 'catkin_cmake_args' from command line to 'None'
[0.572s] Level 5:colcon.colcon_core.verb:set package 'redshow_gui' build argument 'catkin_skip_building_tests' from command line to 'False'
[0.572s] DEBUG:colcon.colcon_core.verb:Building package 'redshow_gui' with the following arguments: {'ament_cmake_args': None, 'build_base': '/home/pi/ros2_ws/build/redshow_gui', 'catkin_cmake_args': None, 'catkin_skip_building_tests': False, 'cmake_args': None, 'cmake_clean_cache': False, 'cmake_clean_first': False, 'cmake_force_configure': False, 'cmake_target': None, 'cmake_target_skip_unavailable': False, 'install_base': '/home/pi/ros2_ws/install/redshow_gui', 'merge_install': False, 'path': '/home/pi/ros2_ws/src/redshow_gui', 'symlink_install': True, 'test_result_base': None}
[0.573s] INFO:colcon.colcon_core.executor:Executing jobs using 'parallel' executor
[0.574s] DEBUG:colcon.colcon_parallel_executor.executor.parallel:run_until_complete
[0.575s] INFO:colcon.colcon_ros.task.ament_python.build:Building ROS package in '/home/pi/ros2_ws/src/redshow_control' with build type 'ament_python'
[0.575s] Level 1:colcon.colcon_core.shell:create_environment_hook('redshow_control', 'ament_prefix_path')
[0.586s] INFO:colcon.colcon_core.plugin_system:Skipping extension 'colcon_core.shell.bat': Not used on non-Windows systems
[0.587s] INFO:colcon.colcon_core.shell:Creating environment hook '/home/pi/ros2_ws/install/redshow_control/share/redshow_control/hook/ament_prefix_path.ps1'
[0.589s] INFO:colcon.colcon_core.shell:Creating environment descriptor '/home/pi/ros2_ws/install/redshow_control/share/redshow_control/hook/ament_prefix_path.dsv'
[0.590s] INFO:colcon.colcon_core.shell:Creating environment hook '/home/pi/ros2_ws/install/redshow_control/share/redshow_control/hook/ament_prefix_path.sh'
[0.592s] INFO:colcon.colcon_core.shell:Skip shell extension 'powershell' for command environment: Not usable outside of PowerShell
[0.593s] DEBUG:colcon.colcon_core.shell:Skip shell extension 'dsv' for command environment
[0.598s] INFO:colcon.colcon_ros.task.ament_python.build:Building ROS package in '/home/pi/ros2_ws/src/redshow_gui' with build type 'ament_python'
[0.599s] Level 1:colcon.colcon_core.shell:create_environment_hook('redshow_gui', 'ament_prefix_path')
[0.600s] INFO:colcon.colcon_core.shell:Creating environment hook '/home/pi/ros2_ws/install/redshow_gui/share/redshow_gui/hook/ament_prefix_path.ps1'
[0.601s] INFO:colcon.colcon_core.shell:Creating environment descriptor '/home/pi/ros2_ws/install/redshow_gui/share/redshow_gui/hook/ament_prefix_path.dsv'
[0.602s] INFO:colcon.colcon_core.shell:Creating environment hook '/home/pi/ros2_ws/install/redshow_gui/share/redshow_gui/hook/ament_prefix_path.sh'
[0.606s] INFO:colcon.colcon_core.shell:Skip shell extension 'powershell' for command environment: Not usable outside of PowerShell
[0.606s] DEBUG:colcon.colcon_core.shell:Skip shell extension 'dsv' for command environment
[0.959s] INFO:colcon.colcon_core.task.python.build:Building Python package in '/home/pi/ros2_ws/src/redshow_control'
[0.959s] INFO:colcon.colcon_core.shell:Skip shell extension 'powershell' for command environment: Not usable outside of PowerShell
[0.959s] DEBUG:colcon.colcon_core.shell:Skip shell extension 'dsv' for command environment
[1.302s] INFO:colcon.colcon_core.task.python.build:Building Python package in '/home/pi/ros2_ws/src/redshow_gui'
[1.302s] INFO:colcon.colcon_core.shell:Skip shell extension 'powershell' for command environment: Not usable outside of PowerShell
[1.303s] DEBUG:colcon.colcon_core.shell:Skip shell extension 'dsv' for command environment
[2.852s] DEBUG:colcon.colcon_core.event_handler.log_command:Invoking command in '/home/pi/ros2_ws/build/redshow_control': PYTHONPATH=/home/pi/ros2_ws/build/redshow_control/prefix_override:/usr/lib/python3/dist-packages/colcon_core/task/python/colcon_distutils_commands:/home/pi/ros2_ws/install/redshow_control/lib/python3.12/site-packages:${PYTHONPATH} /usr/bin/python3 -W ignore:setup.py install is deprecated -W ignore:easy_install command is deprecated setup.py develop --editable --build-directory /home/pi/ros2_ws/build/redshow_control/build --no-deps symlink_data
[2.860s] DEBUG:colcon.colcon_core.event_handler.log_command:Invoking command in '/home/pi/ros2_ws/build/redshow_gui': PYTHONPATH=/home/pi/ros2_ws/build/redshow_gui/prefix_override:/usr/lib/python3/dist-packages/colcon_core/task/python/colcon_distutils_commands:/home/pi/ros2_ws/install/redshow_gui/lib/python3.12/site-packages:${PYTHONPATH} /usr/bin/python3 -W ignore:setup.py install is deprecated -W ignore:easy_install command is deprecated setup.py develop --editable --build-directory /home/pi/ros2_ws/build/redshow_gui/build --no-deps symlink_data
[3.969s] Level 1:colcon.colcon_core.shell:create_environment_hook('redshow_control', 'pythonpath_develop')
[3.970s] INFO:colcon.colcon_core.shell:Creating environment hook '/home/pi/ros2_ws/build/redshow_control/share/redshow_control/hook/pythonpath_develop.ps1'
[3.970s] DEBUG:colcon.colcon_core.event_handler.log_command:Invoked command in '/home/pi/ros2_ws/build/redshow_control' returned '0': PYTHONPATH=/home/pi/ros2_ws/build/redshow_control/prefix_override:/usr/lib/python3/dist-packages/colcon_core/task/python/colcon_distutils_commands:/home/pi/ros2_ws/install/redshow_control/lib/python3.12/site-packages:${PYTHONPATH} /usr/bin/python3 -W ignore:setup.py install is deprecated -W ignore:easy_install command is deprecated setup.py develop --editable --build-directory /home/pi/ros2_ws/build/redshow_control/build --no-deps symlink_data
[3.971s] INFO:colcon.colcon_core.shell:Creating environment descriptor '/home/pi/ros2_ws/build/redshow_control/share/redshow_control/hook/pythonpath_develop.dsv'
[3.974s] INFO:colcon.colcon_core.shell:Creating environment hook '/home/pi/ros2_ws/build/redshow_control/share/redshow_control/hook/pythonpath_develop.sh'
[3.986s] Level 1:colcon.colcon_core.environment:checking '/home/pi/ros2_ws/install/redshow_control' for CMake module files
[3.987s] Level 1:colcon.colcon_core.environment:checking '/home/pi/ros2_ws/install/redshow_control' for CMake config files
[3.988s] Level 1:colcon.colcon_core.environment:checking '/home/pi/ros2_ws/install/redshow_control/lib'
[3.988s] Level 1:colcon.colcon_core.environment:checking '/home/pi/ros2_ws/install/redshow_control/bin'
[3.989s] Level 1:colcon.colcon_core.environment:checking '/home/pi/ros2_ws/install/redshow_control/lib/pkgconfig/redshow_control.pc'
[3.989s] Level 1:colcon.colcon_core.environment:checking '/home/pi/ros2_ws/install/redshow_control/lib/python3.12/site-packages'
[3.989s] Level 1:colcon.colcon_core.shell:create_environment_hook('redshow_control', 'pythonpath')
[3.989s] INFO:colcon.colcon_core.shell:Creating environment hook '/home/pi/ros2_ws/install/redshow_control/share/redshow_control/hook/pythonpath.ps1'
[3.990s] INFO:colcon.colcon_core.shell:Creating environment descriptor '/home/pi/ros2_ws/install/redshow_control/share/redshow_control/hook/pythonpath.dsv'
[3.991s] INFO:colcon.colcon_core.shell:Creating environment hook '/home/pi/ros2_ws/install/redshow_control/share/redshow_control/hook/pythonpath.sh'
[3.992s] Level 1:colcon.colcon_core.environment:checking '/home/pi/ros2_ws/install/redshow_control/bin'
[3.992s] Level 1:colcon.colcon_core.environment:create_environment_scripts_only(redshow_control)
[3.993s] INFO:colcon.colcon_core.shell:Creating package script '/home/pi/ros2_ws/install/redshow_control/share/redshow_control/package.ps1'
[3.995s] INFO:colcon.colcon_core.shell:Creating package descriptor '/home/pi/ros2_ws/install/redshow_control/share/redshow_control/package.dsv'
[3.996s] INFO:colcon.colcon_core.shell:Creating package script '/home/pi/ros2_ws/install/redshow_control/share/redshow_control/package.sh'
[3.998s] INFO:colcon.colcon_core.shell:Creating package script '/home/pi/ros2_ws/install/redshow_control/share/redshow_control/package.bash'
[4.000s] INFO:colcon.colcon_core.shell:Creating package script '/home/pi/ros2_ws/install/redshow_control/share/redshow_control/package.zsh'
[4.002s] Level 1:colcon.colcon_core.environment:create_file_with_runtime_dependencies(/home/pi/ros2_ws/install/redshow_control/share/colcon-core/packages/redshow_control)
[4.004s] Level 1:colcon.colcon_core.shell:create_environment_hook('redshow_gui', 'pythonpath_develop')
[4.004s] INFO:colcon.colcon_core.shell:Creating environment hook '/home/pi/ros2_ws/build/redshow_gui/share/redshow_gui/hook/pythonpath_develop.ps1'
[4.005s] DEBUG:colcon.colcon_core.event_handler.log_command:Invoked command in '/home/pi/ros2_ws/build/redshow_gui' returned '0': PYTHONPATH=/home/pi/ros2_ws/build/redshow_gui/prefix_override:/usr/lib/python3/dist-packages/colcon_core/task/python/colcon_distutils_commands:/home/pi/ros2_ws/install/redshow_gui/lib/python3.12/site-packages:${PYTHONPATH} /usr/bin/python3 -W ignore:setup.py install is deprecated -W ignore:easy_install command is deprecated setup.py develop --editable --build-directory /home/pi/ros2_ws/build/redshow_gui/build --no-deps symlink_data
[4.005s] INFO:colcon.colcon_core.shell:Creating environment descriptor '/home/pi/ros2_ws/build/redshow_gui/share/redshow_gui/hook/pythonpath_develop.dsv'
[4.006s] INFO:colcon.colcon_core.shell:Creating environment hook '/home/pi/ros2_ws/build/redshow_gui/share/redshow_gui/hook/pythonpath_develop.sh'
[4.007s] Level 1:colcon.colcon_core.environment:checking '/home/pi/ros2_ws/install/redshow_gui' for CMake module files
[4.008s] Level 1:colcon.colcon_core.environment:checking '/home/pi/ros2_ws/install/redshow_gui' for CMake config files
[4.009s] Level 1:colcon.colcon_core.environment:checking '/home/pi/ros2_ws/install/redshow_gui/lib'
[4.009s] Level 1:colcon.colcon_core.environment:checking '/home/pi/ros2_ws/install/redshow_gui/bin'
[4.009s] Level 1:colcon.colcon_core.environment:checking '/home/pi/ros2_ws/install/redshow_gui/lib/pkgconfig/redshow_gui.pc'
[4.009s] Level 1:colcon.colcon_core.environment:checking '/home/pi/ros2_ws/install/redshow_gui/lib/python3.12/site-packages'
[4.009s] Level 1:colcon.colcon_core.shell:create_environment_hook('redshow_gui', 'pythonpath')
[4.010s] INFO:colcon.colcon_core.shell:Creating environment hook '/home/pi/ros2_ws/install/redshow_gui/share/redshow_gui/hook/pythonpath.ps1'
[4.010s] INFO:colcon.colcon_core.shell:Creating environment descriptor '/home/pi/ros2_ws/install/redshow_gui/share/redshow_gui/hook/pythonpath.dsv'
[4.011s] INFO:colcon.colcon_core.shell:Creating environment hook '/home/pi/ros2_ws/install/redshow_gui/share/redshow_gui/hook/pythonpath.sh'
[4.012s] Level 1:colcon.colcon_core.environment:checking '/home/pi/ros2_ws/install/redshow_gui/bin'
[4.012s] Level 1:colcon.colcon_core.environment:create_environment_scripts_only(redshow_gui)
[4.013s] INFO:colcon.colcon_core.shell:Creating package script '/home/pi/ros2_ws/install/redshow_gui/share/redshow_gui/package.ps1'
[4.014s] INFO:colcon.colcon_core.shell:Creating package descriptor '/home/pi/ros2_ws/install/redshow_gui/share/redshow_gui/package.dsv'
[4.014s] INFO:colcon.colcon_core.shell:Creating package script '/home/pi/ros2_ws/install/redshow_gui/share/redshow_gui/package.sh'
[4.015s] INFO:colcon.colcon_core.shell:Creating package script '/home/pi/ros2_ws/install/redshow_gui/share/redshow_gui/package.bash'
[4.016s] INFO:colcon.colcon_core.shell:Creating package script '/home/pi/ros2_ws/install/redshow_gui/share/redshow_gui/package.zsh'
[4.017s] Level 1:colcon.colcon_core.environment:create_file_with_runtime_dependencies(/home/pi/ros2_ws/install/redshow_gui/share/colcon-core/packages/redshow_gui)
[4.019s] DEBUG:colcon.colcon_parallel_executor.executor.parallel:closing loop
[4.020s] DEBUG:colcon.colcon_parallel_executor.executor.parallel:loop closed
[4.020s] DEBUG:colcon.colcon_parallel_executor.executor.parallel:run_until_complete finished with '0'
[4.020s] DEBUG:colcon.colcon_core.event_reactor:joining thread
[4.030s] INFO:colcon.colcon_core.plugin_system:Skipping extension 'colcon_notification.desktop_notification.notify_send': Could not find 'notify-send'
[4.031s] INFO:colcon.colcon_core.plugin_system:Skipping extension 'colcon_notification.desktop_notification.terminal_notifier': Not used on non-Darwin systems
[4.031s] INFO:colcon.colcon_core.plugin_system:Skipping extension 'colcon_notification.desktop_notification.win32': Not used on non-Windows systems
[4.031s] INFO:colcon.colcon_notification.desktop_notification:Sending desktop notification using 'notify2'
[4.058s] DEBUG:colcon.colcon_notification.desktop_notification.notify2:Failed to initialize notify2: org.freedesktop.DBus.Error.ServiceUnknown: The name org.freedesktop.Notifications was not provided by any .service files
[4.059s] DEBUG:colcon.colcon_core.event_reactor:joined thread
[4.059s] INFO:colcon.colcon_core.shell:Creating prefix script '/home/pi/ros2_ws/install/local_setup.ps1'
[4.061s] INFO:colcon.colcon_core.shell:Creating prefix util module '/home/pi/ros2_ws/install/_local_setup_util_ps1.py'
[4.064s] INFO:colcon.colcon_core.shell:Creating prefix chain script '/home/pi/ros2_ws/install/setup.ps1'
[4.066s] INFO:colcon.colcon_core.shell:Creating prefix script '/home/pi/ros2_ws/install/local_setup.sh'
[4.067s] INFO:colcon.colcon_core.shell:Creating prefix util module '/home/pi/ros2_ws/install/_local_setup_util_sh.py'
[4.068s] INFO:colcon.colcon_core.shell:Creating prefix chain script '/home/pi/ros2_ws/install/setup.sh'
[4.070s] INFO:colcon.colcon_core.shell:Creating prefix script '/home/pi/ros2_ws/install/local_setup.bash'
[4.072s] INFO:colcon.colcon_core.shell:Creating prefix chain script '/home/pi/ros2_ws/install/setup.bash'
[4.074s] INFO:colcon.colcon_core.shell:Creating prefix script '/home/pi/ros2_ws/install/local_setup.zsh'
[4.075s] INFO:colcon.colcon_core.shell:Creating prefix chain script '/home/pi/ros2_ws/install/setup.zsh'
