[1.879s] Invoking command in '/home/pi/ros2_ws/build/redshow_gui': PYTHONPATH=/home/pi/ros2_ws/build/redshow_gui/prefix_override:/usr/lib/python3/dist-packages/colcon_core/task/python/colcon_distutils_commands:/home/pi/ros2_ws/install/redshow_gui/lib/python3.12/site-packages: /usr/bin/python3 -W ignore:setup.py install is deprecated -W ignore:easy_install command is deprecated setup.py develop --editable --build-directory /home/pi/ros2_ws/build/redshow_gui/build --no-deps symlink_data
[2.269s] running develop
[2.437s] running egg_info
[2.437s] creating redshow_gui.egg-info
[2.452s] writing redshow_gui.egg-info/PKG-INFO
[2.453s] writing dependency_links to redshow_gui.egg-info/dependency_links.txt
[2.453s] writing entry points to redshow_gui.egg-info/entry_points.txt
[2.453s] writing requirements to redshow_gui.egg-info/requires.txt
[2.454s] writing top-level names to redshow_gui.egg-info/top_level.txt
[2.454s] writing manifest file 'redshow_gui.egg-info/SOURCES.txt'
[2.486s] reading manifest file 'redshow_gui.egg-info/SOURCES.txt'
[2.487s] writing manifest file 'redshow_gui.egg-info/SOURCES.txt'
[2.505s] running build_ext
[2.505s] Creating /home/pi/ros2_ws/install/redshow_gui/lib/python3.12/site-packages/redshow-gui.egg-link (link to .)
[2.506s] Installing redshow_gui script to /home/pi/ros2_ws/install/redshow_gui/lib/redshow_gui
[2.506s] 
[2.506s] Installed /home/pi/ros2_ws/build/redshow_gui
[2.507s] running symlink_data
[2.507s] creating /home/pi/ros2_ws/install/redshow_gui/share/ament_index
[2.507s] creating /home/pi/ros2_ws/install/redshow_gui/share/ament_index/resource_index
[2.507s] creating /home/pi/ros2_ws/install/redshow_gui/share/ament_index/resource_index/packages
[2.507s] symbolically linking /home/pi/ros2_ws/build/redshow_gui/resource/redshow_gui -> /home/pi/ros2_ws/install/redshow_gui/share/ament_index/resource_index/packages
[2.508s] symbolically linking /home/pi/ros2_ws/build/redshow_gui/package.xml -> /home/pi/ros2_ws/install/redshow_gui/share/redshow_gui
[2.672s] Invoked command in '/home/pi/ros2_ws/build/redshow_gui' returned '0': PYTHONPATH=/home/pi/ros2_ws/build/redshow_gui/prefix_override:/usr/lib/python3/dist-packages/colcon_core/task/python/colcon_distutils_commands:/home/pi/ros2_ws/install/redshow_gui/lib/python3.12/site-packages: /usr/bin/python3 -W ignore:setup.py install is deprecated -W ignore:easy_install command is deprecated setup.py develop --editable --build-directory /home/pi/ros2_ws/build/redshow_gui/build --no-deps symlink_data
