[0.354s] DEBUG:colcon:Command line arguments: ['/usr/bin/colcon', 'build', '--symlink-install']
[0.355s] DEBUG:colcon:Parsed command line arguments: Namespace(log_base=None, log_level=None, verb_name='build', build_base='build', install_base='install', merge_install=False, symlink_install=True, test_result_base=None, continue_on_error=False, executor='parallel', parallel_workers=4, event_handlers=None, ignore_user_meta=False, metas=['./colcon.meta'], base_paths=['.'], packages_ignore=None, packages_ignore_regex=None, paths=None, packages_up_to=None, packages_up_to_regex=None, packages_above=None, packages_above_and_dependencies=None, packages_above_depth=None, packages_select_by_dep=None, packages_skip_by_dep=None, packages_skip_up_to=None, packages_select_build_failed=False, packages_skip_build_finished=False, packages_select_test_failures=False, packages_skip_test_passed=False, packages_select=None, packages_skip=None, packages_select_regex=None, packages_skip_regex=None, packages_start=None, packages_end=None, allow_overriding=[], cmake_args=None, cmake_target=None, cmake_target_skip_unavailable=False, cmake_clean_cache=False, cmake_clean_first=False, cmake_force_configure=False, ament_cmake_args=None, catkin_cmake_args=None, catkin_skip_building_tests=False, mixin_files=None, mixin=None, verb_parser=<colcon_mixin.mixin.mixin_argument.MixinArgumentDecorator object at 0xffffa3545c40>, verb_extension=<colcon_core.verb.build.BuildVerb object at 0xffffa36f1bb0>, main=<bound method BuildVerb.main of <colcon_core.verb.build.BuildVerb object at 0xffffa36f1bb0>>, mixin_verb=('build',))
[0.506s] Level 1:colcon.colcon_core.package_discovery:discover_packages(colcon_meta) check parameters
[0.506s] Level 1:colcon.colcon_core.package_discovery:discover_packages(recursive) check parameters
[0.506s] Level 1:colcon.colcon_core.package_discovery:discover_packages(ignore) check parameters
[0.506s] Level 1:colcon.colcon_core.package_discovery:discover_packages(path) check parameters
[0.506s] Level 1:colcon.colcon_core.package_discovery:discover_packages(colcon_meta) discover
[0.506s] Level 1:colcon.colcon_core.package_discovery:discover_packages(recursive) discover
[0.506s] INFO:colcon.colcon_core.package_discovery:Crawling recursively for packages in '/home/pi/ros2_ws'
[0.507s] Level 1:colcon.colcon_core.package_identification:_identify(.) by extensions ['ignore', 'ignore_ament_install']
[0.507s] Level 1:colcon.colcon_core.package_identification:_identify(.) by extension 'ignore'
[0.507s] Level 1:colcon.colcon_core.package_identification:_identify(.) by extension 'ignore_ament_install'
[0.507s] Level 1:colcon.colcon_core.package_identification:_identify(.) by extensions ['colcon_pkg']
[0.507s] Level 1:colcon.colcon_core.package_identification:_identify(.) by extension 'colcon_pkg'
[0.507s] Level 1:colcon.colcon_core.package_identification:_identify(.) by extensions ['colcon_meta']
[0.507s] Level 1:colcon.colcon_core.package_identification:_identify(.) by extension 'colcon_meta'
[0.507s] Level 1:colcon.colcon_core.package_identification:_identify(.) by extensions ['ros']
[0.507s] Level 1:colcon.colcon_core.package_identification:_identify(.) by extension 'ros'
[0.547s] Level 1:colcon.colcon_core.package_identification:_identify(.) by extensions ['cmake', 'python']
[0.547s] Level 1:colcon.colcon_core.package_identification:_identify(.) by extension 'cmake'
[0.547s] Level 1:colcon.colcon_core.package_identification:_identify(.) by extension 'python'
[0.547s] Level 1:colcon.colcon_core.package_identification:_identify(.) by extensions ['python_setup_py']
[0.547s] Level 1:colcon.colcon_core.package_identification:_identify(.) by extension 'python_setup_py'
[0.548s] Level 1:colcon.colcon_core.package_identification:_identify(build) by extensions ['ignore', 'ignore_ament_install']
[0.548s] Level 1:colcon.colcon_core.package_identification:_identify(build) by extension 'ignore'
[0.548s] Level 1:colcon.colcon_core.package_identification:_identify(build) ignored
[0.548s] Level 1:colcon.colcon_core.package_identification:_identify(install) by extensions ['ignore', 'ignore_ament_install']
[0.548s] Level 1:colcon.colcon_core.package_identification:_identify(install) by extension 'ignore'
[0.548s] Level 1:colcon.colcon_core.package_identification:_identify(install) ignored
[0.548s] Level 1:colcon.colcon_core.package_identification:_identify(log) by extensions ['ignore', 'ignore_ament_install']
[0.548s] Level 1:colcon.colcon_core.package_identification:_identify(log) by extension 'ignore'
[0.548s] Level 1:colcon.colcon_core.package_identification:_identify(log) ignored
[0.549s] Level 1:colcon.colcon_core.package_identification:_identify(src) by extensions ['ignore', 'ignore_ament_install']
[0.549s] Level 1:colcon.colcon_core.package_identification:_identify(src) by extension 'ignore'
[0.549s] Level 1:colcon.colcon_core.package_identification:_identify(src) by extension 'ignore_ament_install'
[0.549s] Level 1:colcon.colcon_core.package_identification:_identify(src) by extensions ['colcon_pkg']
[0.549s] Level 1:colcon.colcon_core.package_identification:_identify(src) by extension 'colcon_pkg'
[0.549s] Level 1:colcon.colcon_core.package_identification:_identify(src) by extensions ['colcon_meta']
[0.549s] Level 1:colcon.colcon_core.package_identification:_identify(src) by extension 'colcon_meta'
[0.549s] Level 1:colcon.colcon_core.package_identification:_identify(src) by extensions ['ros']
[0.549s] Level 1:colcon.colcon_core.package_identification:_identify(src) by extension 'ros'
[0.549s] Level 1:colcon.colcon_core.package_identification:_identify(src) by extensions ['cmake', 'python']
[0.549s] Level 1:colcon.colcon_core.package_identification:_identify(src) by extension 'cmake'
[0.549s] Level 1:colcon.colcon_core.package_identification:_identify(src) by extension 'python'
[0.549s] Level 1:colcon.colcon_core.package_identification:_identify(src) by extensions ['python_setup_py']
[0.549s] Level 1:colcon.colcon_core.package_identification:_identify(src) by extension 'python_setup_py'
[0.549s] Level 1:colcon.colcon_core.package_identification:_identify(src/redshow_control) by extensions ['ignore', 'ignore_ament_install']
[0.549s] Level 1:colcon.colcon_core.package_identification:_identify(src/redshow_control) by extension 'ignore'
[0.550s] Level 1:colcon.colcon_core.package_identification:_identify(src/redshow_control) by extension 'ignore_ament_install'
[0.550s] Level 1:colcon.colcon_core.package_identification:_identify(src/redshow_control) by extensions ['colcon_pkg']
[0.550s] Level 1:colcon.colcon_core.package_identification:_identify(src/redshow_control) by extension 'colcon_pkg'
[0.550s] Level 1:colcon.colcon_core.package_identification:_identify(src/redshow_control) by extensions ['colcon_meta']
[0.550s] Level 1:colcon.colcon_core.package_identification:_identify(src/redshow_control) by extension 'colcon_meta'
[0.550s] Level 1:colcon.colcon_core.package_identification:_identify(src/redshow_control) by extensions ['ros']
[0.550s] Level 1:colcon.colcon_core.package_identification:_identify(src/redshow_control) by extension 'ros'
[0.558s] DEBUG:colcon.colcon_core.package_identification:Package 'src/redshow_control' with type 'ros.ament_python' and name 'redshow_control'
[0.559s] Level 1:colcon.colcon_core.package_identification:_identify(src/redshow_gui) by extensions ['ignore', 'ignore_ament_install']
[0.559s] Level 1:colcon.colcon_core.package_identification:_identify(src/redshow_gui) by extension 'ignore'
[0.559s] Level 1:colcon.colcon_core.package_identification:_identify(src/redshow_gui) by extension 'ignore_ament_install'
[0.559s] Level 1:colcon.colcon_core.package_identification:_identify(src/redshow_gui) by extensions ['colcon_pkg']
[0.559s] Level 1:colcon.colcon_core.package_identification:_identify(src/redshow_gui) by extension 'colcon_pkg'
[0.559s] Level 1:colcon.colcon_core.package_identification:_identify(src/redshow_gui) by extensions ['colcon_meta']
[0.559s] Level 1:colcon.colcon_core.package_identification:_identify(src/redshow_gui) by extension 'colcon_meta'
[0.559s] Level 1:colcon.colcon_core.package_identification:_identify(src/redshow_gui) by extensions ['ros']
[0.559s] Level 1:colcon.colcon_core.package_identification:_identify(src/redshow_gui) by extension 'ros'
[0.560s] DEBUG:colcon.colcon_core.package_identification:Package 'src/redshow_gui' with type 'ros.ament_python' and name 'redshow_gui'
[0.560s] Level 1:colcon.colcon_core.package_discovery:discover_packages(recursive) using defaults
[0.560s] Level 1:colcon.colcon_core.package_discovery:discover_packages(ignore) discover
[0.560s] Level 1:colcon.colcon_core.package_discovery:discover_packages(ignore) using defaults
[0.560s] Level 1:colcon.colcon_core.package_discovery:discover_packages(path) discover
[0.560s] Level 1:colcon.colcon_core.package_discovery:discover_packages(path) using defaults
[0.606s] Level 1:colcon.colcon_core.package_discovery:discover_packages(prefix_path) check parameters
[0.606s] Level 1:colcon.colcon_core.package_discovery:discover_packages(prefix_path) discover
[0.610s] Level 1:colcon.colcon_core.package_discovery:discover_packages(prefix_path) using defaults
[0.613s] Level 5:colcon.colcon_core.verb:set package 'redshow_control' build argument 'cmake_args' from command line to 'None'
[0.613s] Level 5:colcon.colcon_core.verb:set package 'redshow_control' build argument 'cmake_target' from command line to 'None'
[0.613s] Level 5:colcon.colcon_core.verb:set package 'redshow_control' build argument 'cmake_target_skip_unavailable' from command line to 'False'
[0.614s] Level 5:colcon.colcon_core.verb:set package 'redshow_control' build argument 'cmake_clean_cache' from command line to 'False'
[0.614s] Level 5:colcon.colcon_core.verb:set package 'redshow_control' build argument 'cmake_clean_first' from command line to 'False'
[0.614s] Level 5:colcon.colcon_core.verb:set package 'redshow_control' build argument 'cmake_force_configure' from command line to 'False'
[0.614s] Level 5:colcon.colcon_core.verb:set package 'redshow_control' build argument 'ament_cmake_args' from command line to 'None'
[0.614s] Level 5:colcon.colcon_core.verb:set package 'redshow_control' build argument 'catkin_cmake_args' from command line to 'None'
[0.614s] Level 5:colcon.colcon_core.verb:set package 'redshow_control' build argument 'catkin_skip_building_tests' from command line to 'False'
[0.614s] DEBUG:colcon.colcon_core.verb:Building package 'redshow_control' with the following arguments: {'ament_cmake_args': None, 'build_base': '/home/pi/ros2_ws/build/redshow_control', 'catkin_cmake_args': None, 'catkin_skip_building_tests': False, 'cmake_args': None, 'cmake_clean_cache': False, 'cmake_clean_first': False, 'cmake_force_configure': False, 'cmake_target': None, 'cmake_target_skip_unavailable': False, 'install_base': '/home/pi/ros2_ws/install/redshow_control', 'merge_install': False, 'path': '/home/pi/ros2_ws/src/redshow_control', 'symlink_install': True, 'test_result_base': None}
[0.614s] Level 5:colcon.colcon_core.verb:set package 'redshow_gui' build argument 'cmake_args' from command line to 'None'
[0.614s] Level 5:colcon.colcon_core.verb:set package 'redshow_gui' build argument 'cmake_target' from command line to 'None'
[0.614s] Level 5:colcon.colcon_core.verb:set package 'redshow_gui' build argument 'cmake_target_skip_unavailable' from command line to 'False'
[0.614s] Level 5:colcon.colcon_core.verb:set package 'redshow_gui' build argument 'cmake_clean_cache' from command line to 'False'
[0.614s] Level 5:colcon.colcon_core.verb:set package 'redshow_gui' build argument 'cmake_clean_first' from command line to 'False'
[0.614s] Level 5:colcon.colcon_core.verb:set package 'redshow_gui' build argument 'cmake_force_configure' from command line to 'False'
[0.614s] Level 5:colcon.colcon_core.verb:set package 'redshow_gui' build argument 'ament_cmake_args' from command line to 'None'
[0.614s] Level 5:colcon.colcon_core.verb:set package 'redshow_gui' build argument 'catkin_cmake_args' from command line to 'None'
[0.614s] Level 5:colcon.colcon_core.verb:set package 'redshow_gui' build argument 'catkin_skip_building_tests' from command line to 'False'
[0.614s] DEBUG:colcon.colcon_core.verb:Building package 'redshow_gui' with the following arguments: {'ament_cmake_args': None, 'build_base': '/home/pi/ros2_ws/build/redshow_gui', 'catkin_cmake_args': None, 'catkin_skip_building_tests': False, 'cmake_args': None, 'cmake_clean_cache': False, 'cmake_clean_first': False, 'cmake_force_configure': False, 'cmake_target': None, 'cmake_target_skip_unavailable': False, 'install_base': '/home/pi/ros2_ws/install/redshow_gui', 'merge_install': False, 'path': '/home/pi/ros2_ws/src/redshow_gui', 'symlink_install': True, 'test_result_base': None}
[0.615s] INFO:colcon.colcon_core.executor:Executing jobs using 'parallel' executor
[0.616s] DEBUG:colcon.colcon_parallel_executor.executor.parallel:run_until_complete
[0.616s] INFO:colcon.colcon_ros.task.ament_python.build:Building ROS package in '/home/pi/ros2_ws/src/redshow_control' with build type 'ament_python'
[0.617s] Level 1:colcon.colcon_core.shell:create_environment_hook('redshow_control', 'ament_prefix_path')
[0.628s] INFO:colcon.colcon_core.plugin_system:Skipping extension 'colcon_core.shell.bat': Not used on non-Windows systems
[0.629s] INFO:colcon.colcon_core.shell:Creating environment hook '/home/pi/ros2_ws/install/redshow_control/share/redshow_control/hook/ament_prefix_path.ps1'
[0.631s] INFO:colcon.colcon_core.shell:Creating environment descriptor '/home/pi/ros2_ws/install/redshow_control/share/redshow_control/hook/ament_prefix_path.dsv'
[0.633s] INFO:colcon.colcon_core.shell:Creating environment hook '/home/pi/ros2_ws/install/redshow_control/share/redshow_control/hook/ament_prefix_path.sh'
[0.636s] INFO:colcon.colcon_core.shell:Skip shell extension 'powershell' for command environment: Not usable outside of PowerShell
[0.636s] DEBUG:colcon.colcon_core.shell:Skip shell extension 'dsv' for command environment
[0.638s] INFO:colcon.colcon_ros.task.ament_python.build:Building ROS package in '/home/pi/ros2_ws/src/redshow_gui' with build type 'ament_python'
[0.639s] Level 1:colcon.colcon_core.shell:create_environment_hook('redshow_gui', 'ament_prefix_path')
[0.639s] INFO:colcon.colcon_core.shell:Creating environment hook '/home/pi/ros2_ws/install/redshow_gui/share/redshow_gui/hook/ament_prefix_path.ps1'
[0.640s] INFO:colcon.colcon_core.shell:Creating environment descriptor '/home/pi/ros2_ws/install/redshow_gui/share/redshow_gui/hook/ament_prefix_path.dsv'
[0.641s] INFO:colcon.colcon_core.shell:Creating environment hook '/home/pi/ros2_ws/install/redshow_gui/share/redshow_gui/hook/ament_prefix_path.sh'
[0.642s] INFO:colcon.colcon_core.shell:Skip shell extension 'powershell' for command environment: Not usable outside of PowerShell
[0.642s] DEBUG:colcon.colcon_core.shell:Skip shell extension 'dsv' for command environment
[0.970s] INFO:colcon.colcon_core.task.python.build:Building Python package in '/home/pi/ros2_ws/src/redshow_control'
[0.970s] INFO:colcon.colcon_core.shell:Skip shell extension 'powershell' for command environment: Not usable outside of PowerShell
[0.971s] DEBUG:colcon.colcon_core.shell:Skip shell extension 'dsv' for command environment
[1.280s] INFO:colcon.colcon_core.task.python.build:Building Python package in '/home/pi/ros2_ws/src/redshow_gui'
[1.280s] INFO:colcon.colcon_core.shell:Skip shell extension 'powershell' for command environment: Not usable outside of PowerShell
[1.280s] DEBUG:colcon.colcon_core.shell:Skip shell extension 'dsv' for command environment
[2.512s] DEBUG:colcon.colcon_core.event_handler.log_command:Invoking command in '/home/pi/ros2_ws/build/redshow_control': PYTHONPATH=/home/pi/ros2_ws/build/redshow_control/prefix_override:/usr/lib/python3/dist-packages/colcon_core/task/python/colcon_distutils_commands:/home/pi/ros2_ws/install/redshow_control/lib/python3.12/site-packages: /usr/bin/python3 -W ignore:setup.py install is deprecated -W ignore:easy_install command is deprecated setup.py develop --editable --build-directory /home/pi/ros2_ws/build/redshow_control/build --no-deps symlink_data
[2.518s] DEBUG:colcon.colcon_core.event_handler.log_command:Invoking command in '/home/pi/ros2_ws/build/redshow_gui': PYTHONPATH=/home/pi/ros2_ws/build/redshow_gui/prefix_override:/usr/lib/python3/dist-packages/colcon_core/task/python/colcon_distutils_commands:/home/pi/ros2_ws/install/redshow_gui/lib/python3.12/site-packages: /usr/bin/python3 -W ignore:setup.py install is deprecated -W ignore:easy_install command is deprecated setup.py develop --editable --build-directory /home/pi/ros2_ws/build/redshow_gui/build --no-deps symlink_data
[3.310s] Level 1:colcon.colcon_core.shell:create_environment_hook('redshow_gui', 'pythonpath_develop')
[3.310s] INFO:colcon.colcon_core.shell:Creating environment hook '/home/pi/ros2_ws/build/redshow_gui/share/redshow_gui/hook/pythonpath_develop.ps1'
[3.311s] DEBUG:colcon.colcon_core.event_handler.log_command:Invoked command in '/home/pi/ros2_ws/build/redshow_gui' returned '0': PYTHONPATH=/home/pi/ros2_ws/build/redshow_gui/prefix_override:/usr/lib/python3/dist-packages/colcon_core/task/python/colcon_distutils_commands:/home/pi/ros2_ws/install/redshow_gui/lib/python3.12/site-packages: /usr/bin/python3 -W ignore:setup.py install is deprecated -W ignore:easy_install command is deprecated setup.py develop --editable --build-directory /home/pi/ros2_ws/build/redshow_gui/build --no-deps symlink_data
[3.312s] INFO:colcon.colcon_core.shell:Creating environment descriptor '/home/pi/ros2_ws/build/redshow_gui/share/redshow_gui/hook/pythonpath_develop.dsv'
[3.312s] INFO:colcon.colcon_core.shell:Creating environment hook '/home/pi/ros2_ws/build/redshow_gui/share/redshow_gui/hook/pythonpath_develop.sh'
[3.323s] Level 1:colcon.colcon_core.environment:checking '/home/pi/ros2_ws/install/redshow_gui' for CMake module files
[3.324s] Level 1:colcon.colcon_core.environment:checking '/home/pi/ros2_ws/install/redshow_gui' for CMake config files
[3.325s] Level 1:colcon.colcon_core.environment:checking '/home/pi/ros2_ws/install/redshow_gui/lib'
[3.325s] Level 1:colcon.colcon_core.environment:checking '/home/pi/ros2_ws/install/redshow_gui/bin'
[3.325s] Level 1:colcon.colcon_core.environment:checking '/home/pi/ros2_ws/install/redshow_gui/lib/pkgconfig/redshow_gui.pc'
[3.326s] Level 1:colcon.colcon_core.environment:checking '/home/pi/ros2_ws/install/redshow_gui/lib/python3.12/site-packages'
[3.326s] Level 1:colcon.colcon_core.shell:create_environment_hook('redshow_gui', 'pythonpath')
[3.326s] INFO:colcon.colcon_core.shell:Creating environment hook '/home/pi/ros2_ws/install/redshow_gui/share/redshow_gui/hook/pythonpath.ps1'
[3.327s] INFO:colcon.colcon_core.shell:Creating environment descriptor '/home/pi/ros2_ws/install/redshow_gui/share/redshow_gui/hook/pythonpath.dsv'
[3.327s] INFO:colcon.colcon_core.shell:Creating environment hook '/home/pi/ros2_ws/install/redshow_gui/share/redshow_gui/hook/pythonpath.sh'
[3.328s] Level 1:colcon.colcon_core.environment:checking '/home/pi/ros2_ws/install/redshow_gui/bin'
[3.328s] Level 1:colcon.colcon_core.environment:create_environment_scripts_only(redshow_gui)
[3.328s] INFO:colcon.colcon_core.shell:Creating package script '/home/pi/ros2_ws/install/redshow_gui/share/redshow_gui/package.ps1'
[3.330s] INFO:colcon.colcon_core.shell:Creating package descriptor '/home/pi/ros2_ws/install/redshow_gui/share/redshow_gui/package.dsv'
[3.332s] INFO:colcon.colcon_core.shell:Creating package script '/home/pi/ros2_ws/install/redshow_gui/share/redshow_gui/package.sh'
[3.333s] INFO:colcon.colcon_core.shell:Creating package script '/home/pi/ros2_ws/install/redshow_gui/share/redshow_gui/package.bash'
[3.334s] INFO:colcon.colcon_core.shell:Creating package script '/home/pi/ros2_ws/install/redshow_gui/share/redshow_gui/package.zsh'
[3.336s] Level 1:colcon.colcon_core.environment:create_file_with_runtime_dependencies(/home/pi/ros2_ws/install/redshow_gui/share/colcon-core/packages/redshow_gui)
[3.337s] Level 1:colcon.colcon_core.shell:create_environment_hook('redshow_control', 'pythonpath_develop')
[3.338s] INFO:colcon.colcon_core.shell:Creating environment hook '/home/pi/ros2_ws/build/redshow_control/share/redshow_control/hook/pythonpath_develop.ps1'
[3.338s] DEBUG:colcon.colcon_core.event_handler.log_command:Invoked command in '/home/pi/ros2_ws/build/redshow_control' returned '0': PYTHONPATH=/home/pi/ros2_ws/build/redshow_control/prefix_override:/usr/lib/python3/dist-packages/colcon_core/task/python/colcon_distutils_commands:/home/pi/ros2_ws/install/redshow_control/lib/python3.12/site-packages: /usr/bin/python3 -W ignore:setup.py install is deprecated -W ignore:easy_install command is deprecated setup.py develop --editable --build-directory /home/pi/ros2_ws/build/redshow_control/build --no-deps symlink_data
[3.339s] INFO:colcon.colcon_core.shell:Creating environment descriptor '/home/pi/ros2_ws/build/redshow_control/share/redshow_control/hook/pythonpath_develop.dsv'
[3.340s] INFO:colcon.colcon_core.shell:Creating environment hook '/home/pi/ros2_ws/build/redshow_control/share/redshow_control/hook/pythonpath_develop.sh'
[3.341s] Level 1:colcon.colcon_core.environment:checking '/home/pi/ros2_ws/install/redshow_control' for CMake module files
[3.342s] Level 1:colcon.colcon_core.environment:checking '/home/pi/ros2_ws/install/redshow_control' for CMake config files
[3.342s] Level 1:colcon.colcon_core.environment:checking '/home/pi/ros2_ws/install/redshow_control/lib'
[3.343s] Level 1:colcon.colcon_core.environment:checking '/home/pi/ros2_ws/install/redshow_control/bin'
[3.343s] Level 1:colcon.colcon_core.environment:checking '/home/pi/ros2_ws/install/redshow_control/lib/pkgconfig/redshow_control.pc'
[3.343s] Level 1:colcon.colcon_core.environment:checking '/home/pi/ros2_ws/install/redshow_control/lib/python3.12/site-packages'
[3.343s] Level 1:colcon.colcon_core.shell:create_environment_hook('redshow_control', 'pythonpath')
[3.344s] INFO:colcon.colcon_core.shell:Creating environment hook '/home/pi/ros2_ws/install/redshow_control/share/redshow_control/hook/pythonpath.ps1'
[3.344s] INFO:colcon.colcon_core.shell:Creating environment descriptor '/home/pi/ros2_ws/install/redshow_control/share/redshow_control/hook/pythonpath.dsv'
[3.345s] INFO:colcon.colcon_core.shell:Creating environment hook '/home/pi/ros2_ws/install/redshow_control/share/redshow_control/hook/pythonpath.sh'
[3.346s] Level 1:colcon.colcon_core.environment:checking '/home/pi/ros2_ws/install/redshow_control/bin'
[3.346s] Level 1:colcon.colcon_core.environment:create_environment_scripts_only(redshow_control)
[3.347s] INFO:colcon.colcon_core.shell:Creating package script '/home/pi/ros2_ws/install/redshow_control/share/redshow_control/package.ps1'
[3.348s] INFO:colcon.colcon_core.shell:Creating package descriptor '/home/pi/ros2_ws/install/redshow_control/share/redshow_control/package.dsv'
[3.348s] INFO:colcon.colcon_core.shell:Creating package script '/home/pi/ros2_ws/install/redshow_control/share/redshow_control/package.sh'
[3.349s] INFO:colcon.colcon_core.shell:Creating package script '/home/pi/ros2_ws/install/redshow_control/share/redshow_control/package.bash'
[3.350s] INFO:colcon.colcon_core.shell:Creating package script '/home/pi/ros2_ws/install/redshow_control/share/redshow_control/package.zsh'
[3.350s] Level 1:colcon.colcon_core.environment:create_file_with_runtime_dependencies(/home/pi/ros2_ws/install/redshow_control/share/colcon-core/packages/redshow_control)
[3.351s] DEBUG:colcon.colcon_parallel_executor.executor.parallel:closing loop
[3.352s] DEBUG:colcon.colcon_parallel_executor.executor.parallel:loop closed
[3.352s] DEBUG:colcon.colcon_parallel_executor.executor.parallel:run_until_complete finished with '0'
[3.352s] DEBUG:colcon.colcon_core.event_reactor:joining thread
[3.361s] INFO:colcon.colcon_core.plugin_system:Skipping extension 'colcon_notification.desktop_notification.notify_send': Could not find 'notify-send'
[3.362s] INFO:colcon.colcon_core.plugin_system:Skipping extension 'colcon_notification.desktop_notification.terminal_notifier': Not used on non-Darwin systems
[3.362s] INFO:colcon.colcon_core.plugin_system:Skipping extension 'colcon_notification.desktop_notification.win32': Not used on non-Windows systems
[3.362s] INFO:colcon.colcon_notification.desktop_notification:Sending desktop notification using 'notify2'
[3.387s] DEBUG:colcon.colcon_notification.desktop_notification.notify2:Failed to initialize notify2: org.freedesktop.DBus.Error.ServiceUnknown: The name org.freedesktop.Notifications was not provided by any .service files
[3.388s] DEBUG:colcon.colcon_core.event_reactor:joined thread
[3.388s] INFO:colcon.colcon_core.shell:Creating prefix script '/home/pi/ros2_ws/install/local_setup.ps1'
[3.390s] INFO:colcon.colcon_core.shell:Creating prefix util module '/home/pi/ros2_ws/install/_local_setup_util_ps1.py'
[3.393s] INFO:colcon.colcon_core.shell:Creating prefix chain script '/home/pi/ros2_ws/install/setup.ps1'
[3.394s] INFO:colcon.colcon_core.shell:Creating prefix script '/home/pi/ros2_ws/install/local_setup.sh'
[3.398s] INFO:colcon.colcon_core.shell:Creating prefix util module '/home/pi/ros2_ws/install/_local_setup_util_sh.py'
[3.399s] INFO:colcon.colcon_core.shell:Creating prefix chain script '/home/pi/ros2_ws/install/setup.sh'
[3.401s] INFO:colcon.colcon_core.shell:Creating prefix script '/home/pi/ros2_ws/install/local_setup.bash'
[3.402s] INFO:colcon.colcon_core.shell:Creating prefix chain script '/home/pi/ros2_ws/install/setup.bash'
[3.404s] INFO:colcon.colcon_core.shell:Creating prefix script '/home/pi/ros2_ws/install/local_setup.zsh'
[3.405s] INFO:colcon.colcon_core.shell:Creating prefix chain script '/home/pi/ros2_ws/install/setup.zsh'
