[0.799s] Invoking command in '/home/sol/redshow/build/redshow_control': PYTHONPATH=/home/sol/redshow/build/redshow_control/prefix_override:/home/sol/.local/lib/python3.10/site-packages/colcon_core/task/python/colcon_distutils_commands:/home/sol/redshow/install/redshow_control/lib/python3.10/site-packages:${PYTHONPATH} /usr/bin/python3 -W ignore:setup.py install is deprecated -W ignore:easy_install command is deprecated setup.py develop --editable --build-directory /home/sol/redshow/build/redshow_control/build --no-deps symlink_data
[1.006s] running develop
[1.116s] running egg_info
[1.116s] writing redshow_control.egg-info/PKG-INFO
[1.116s] writing dependency_links to redshow_control.egg-info/dependency_links.txt
[1.116s] writing entry points to redshow_control.egg-info/entry_points.txt
[1.116s] writing requirements to redshow_control.egg-info/requires.txt
[1.116s] writing top-level names to redshow_control.egg-info/top_level.txt
[1.118s] reading manifest file 'redshow_control.egg-info/SOURCES.txt'
[1.118s] writing manifest file 'redshow_control.egg-info/SOURCES.txt'
[1.119s] running build_ext
[1.120s] Creating /home/sol/redshow/install/redshow_control/lib/python3.10/site-packages/redshow-control.egg-link (link to .)
[1.120s] Installing bno085_test_node script to /home/sol/redshow/install/redshow_control/lib/redshow_control
[1.120s] Installing redshow_control_node script to /home/sol/redshow/install/redshow_control/lib/redshow_control
[1.120s] Installing test_adaptation_module_publisher script to /home/sol/redshow/install/redshow_control/lib/redshow_control
[1.121s] Installing test_feedback_publisher script to /home/sol/redshow/install/redshow_control/lib/redshow_control
[1.121s] 
[1.121s] Installed /home/sol/redshow/build/redshow_control
[1.121s] running symlink_data
[1.146s] Invoked command in '/home/sol/redshow/build/redshow_control' returned '0': PYTHONPATH=/home/sol/redshow/build/redshow_control/prefix_override:/home/sol/.local/lib/python3.10/site-packages/colcon_core/task/python/colcon_distutils_commands:/home/sol/redshow/install/redshow_control/lib/python3.10/site-packages:${PYTHONPATH} /usr/bin/python3 -W ignore:setup.py install is deprecated -W ignore:easy_install command is deprecated setup.py develop --editable --build-directory /home/sol/redshow/build/redshow_control/build --no-deps symlink_data
