[1.755s] Invoking command in '/home/pi/ros2_ws/build/redshow_gui': PYTHONPATH=/home/pi/ros2_ws/build/redshow_gui/prefix_override:/usr/lib/python3/dist-packages/colcon_core/task/python/colcon_distutils_commands:/home/pi/ros2_ws/install/redshow_gui/lib/python3.12/site-packages:${PYTHONPATH} /usr/bin/python3 -W ignore:setup.py install is deprecated -W ignore:easy_install command is deprecated setup.py develop --editable --build-directory /home/pi/ros2_ws/build/redshow_gui/build --no-deps symlink_data
[2.257s] running develop
[2.532s] running egg_info
[2.533s] creating redshow_gui.egg-info
[2.562s] writing redshow_gui.egg-info/PKG-INFO
[2.563s] writing dependency_links to redshow_gui.egg-info/dependency_links.txt
[2.564s] writing entry points to redshow_gui.egg-info/entry_points.txt
[2.564s] writing requirements to redshow_gui.egg-info/requires.txt
[2.564s] writing top-level names to redshow_gui.egg-info/top_level.txt
[2.564s] writing manifest file 'redshow_gui.egg-info/SOURCES.txt'
[2.619s] reading manifest file 'redshow_gui.egg-info/SOURCES.txt'
[2.620s] writing manifest file 'redshow_gui.egg-info/SOURCES.txt'
[2.651s] running build_ext
[2.651s] Creating /home/pi/ros2_ws/install/redshow_gui/lib/python3.12/site-packages/redshow-gui.egg-link (link to .)
[2.653s] Installing redshow_gui script to /home/pi/ros2_ws/install/redshow_gui/lib/redshow_gui
[2.654s] 
[2.654s] Installed /home/pi/ros2_ws/build/redshow_gui
[2.654s] running symlink_data
[2.655s] creating /home/pi/ros2_ws/install/redshow_gui/share/ament_index
[2.655s] creating /home/pi/ros2_ws/install/redshow_gui/share/ament_index/resource_index
[2.655s] creating /home/pi/ros2_ws/install/redshow_gui/share/ament_index/resource_index/packages
[2.655s] symbolically linking /home/pi/ros2_ws/build/redshow_gui/resource/redshow_gui -> /home/pi/ros2_ws/install/redshow_gui/share/ament_index/resource_index/packages
[2.655s] symbolically linking /home/pi/ros2_ws/build/redshow_gui/package.xml -> /home/pi/ros2_ws/install/redshow_gui/share/redshow_gui
[2.655s] creating /home/pi/ros2_ws/install/redshow_gui/share/redshow_gui/launch
[2.655s] symbolically linking /home/pi/ros2_ws/build/redshow_gui/launch/gui.launch.py -> /home/pi/ros2_ws/install/redshow_gui/share/redshow_gui/launch
[2.859s] Invoked command in '/home/pi/ros2_ws/build/redshow_gui' returned '0': PYTHONPATH=/home/pi/ros2_ws/build/redshow_gui/prefix_override:/usr/lib/python3/dist-packages/colcon_core/task/python/colcon_distutils_commands:/home/pi/ros2_ws/install/redshow_gui/lib/python3.12/site-packages:${PYTHONPATH} /usr/bin/python3 -W ignore:setup.py install is deprecated -W ignore:easy_install command is deprecated setup.py develop --editable --build-directory /home/pi/ros2_ws/build/redshow_gui/build --no-deps symlink_data
