[0.000000] (-) TimerEvent: {}
[0.000234] (-) JobUnselected: {'identifier': 'redshow_gui'}
[0.000463] (redshow_control) JobQueued: {'identifier': 'redshow_control', 'dependencies': OrderedDict()}
[0.000782] (redshow_control) JobStarted: {'identifier': 'redshow_control'}
[0.099572] (-) TimerEvent: {}
[0.199830] (-) TimerEvent: {}
[0.300423] (-) TimerEvent: {}
[0.400773] (-) TimerEvent: {}
[0.501168] (-) TimerEvent: {}
[0.603326] (-) TimerEvent: {}
[0.703692] (-) TimerEvent: {}
[0.804800] (-) TimerEvent: {}
[0.905174] (-) TimerEvent: {}
[1.005678] (-) TimerEvent: {}
[1.108216] (-) TimerEvent: {}
[1.208583] (-) TimerEvent: {}
[1.308956] (-) TimerEvent: {}
[1.409988] (-) TimerEvent: {}
[1.512336] (-) TimerEvent: {}
[1.612825] (-) TimerEvent: {}
[1.713211] (-) TimerEvent: {}
[1.813551] (-) TimerEvent: {}
[1.913965] (-) TimerEvent: {}
[2.015190] (-) TimerEvent: {}
[2.099003] (redshow_control) Command: {'cmd': ['/usr/bin/python3', '-W', 'ignore:setup.py install is deprecated', '-W', 'ignore:easy_install command is deprecated', 'setup.py', 'develop', '--editable', '--build-directory', '/home/pi/ros2_ws/build/redshow_control/build', '--no-deps', 'symlink_data'], 'cwd': '/home/pi/ros2_ws/build/redshow_control', 'env': {'LESSOPEN': '| /usr/bin/lesspipe %s', 'VSCODE_CWD': '/home/pi', 'VSCODE_ESM_ENTRYPOINT': 'vs/workbench/api/node/extensionHostProcess', 'USER': 'pi', 'SSH_CLIENT': '10.239.232.11 35676 22', 'LC_TIME': 'ko_KR.UTF-8', 'VSCODE_NLS_CONFIG': '{"userLocale":"en","osLocale":"en","resolvedLanguage":"en","defaultMessagesFile":"/home/pi/.cursor-server/bin/f5edf5b2fdaaf0f44d324fa092a32515ce114c90/out/nls.messages.json","locale":"en","availableLanguages":{}}', 'VSCODE_HANDLES_UNCAUGHT_ERRORS': 'true', 'XDG_SESSION_TYPE': 'tty', 'SHLVL': '2', 'LD_LIBRARY_PATH': '/opt/ros/jazzy/opt/rviz_ogre_vendor/lib:/opt/ros/jazzy/lib/aarch64-linux-gnu:/opt/ros/jazzy/opt/gz_math_vendor/lib:/opt/ros/jazzy/opt/gz_utils_vendor/lib:/opt/ros/jazzy/opt/gz_cmake_vendor/lib:/opt/ros/jazzy/lib', 'BROWSER': '/home/pi/.cursor-server/bin/f5edf5b2fdaaf0f44d324fa092a32515ce114c90/bin/helpers/browser.sh', 'HOME': '/home/pi', 'OLDPWD': '/home/pi/ros2_ws', 'VSCODE_IPC_HOOK_CLI': '/run/user/1000/vscode-ipc-1c1b8d03-a572-42e2-ad4e-944398d0254e.sock', 'ROS_PYTHON_VERSION': '3', 'LC_MONETARY': 'ko_KR.UTF-8', 'NO_COLOR': '1', 'DBUS_SESSION_BUS_ADDRESS': 'unix:path=/run/user/1000/bus', 'ROS_DISTRO': 'jazzy', 'LOGNAME': 'pi', 'FORCE_COLOR': '0', 'VSCODE_HANDLES_SIGPIPE': 'true', '_': '/usr/bin/colcon', 'ROS_VERSION': '2', 'XDG_SESSION_CLASS': 'user', 'TERM': 'dumb', 'XDG_SESSION_ID': '1', 'COMPOSER_NO_INTERACTION': '1', 'PATH': '/opt/ros/jazzy/bin:/home/pi/.local/bin:/home/pi/.cursor-server/bin/f5edf5b2fdaaf0f44d324fa092a32515ce114c90/bin/remote-cli:/home/pi/.local/bin:/home/pi/.cursor-server/bin/f5edf5b2fdaaf0f44d324fa092a32515ce114c90/bin/remote-cli:/home/pi/.local/bin:/usr/local/sbin:/usr/local/bin:/usr/sbin:/usr/bin:/sbin:/bin:/usr/games:/usr/local/games:/snap/bin', 'VSCODE_AGENT_FOLDER': '/home/pi/.cursor-server', 'LC_ADDRESS': 'ko_KR.UTF-8', 'XDG_RUNTIME_DIR': '/run/user/1000', 'CURSOR_AGENT': '1', 'LANG': 'en_US.UTF-8', 'LC_TELEPHONE': 'ko_KR.UTF-8', 'LS_COLORS': '', 'AMENT_PREFIX_PATH': '/opt/ros/jazzy', 'SHELL': '/bin/bash', 'LC_NAME': 'ko_KR.UTF-8', 'VSCODE_SERVER_SHUTDOWN_TIMEOUT': '300', 'LESSCLOSE': '/usr/bin/lesspipe %s %s', 'LC_MEASUREMENT': 'ko_KR.UTF-8', 'LC_IDENTIFICATION': 'ko_KR.UTF-8', 'ROS_AUTOMATIC_DISCOVERY_RANGE': 'SUBNET', 'PWD': '/home/pi/ros2_ws/build/redshow_control', 'LC_ALL': 'en_US.UTF-8', 'SSH_CONNECTION': '10.239.232.11 35676 10.239.232.249 22', 'XDG_DATA_DIRS': '/usr/local/share:/usr/share:/var/lib/snapd/desktop', 'PYTHONPATH': '/home/pi/ros2_ws/build/redshow_control/prefix_override:/usr/lib/python3/dist-packages/colcon_core/task/python/colcon_distutils_commands:/home/pi/ros2_ws/install/redshow_control/lib/python3.12/site-packages:/opt/ros/jazzy/lib/python3.12/site-packages', 'LC_NUMERIC': 'ko_KR.UTF-8', 'LC_PAPER': 'ko_KR.UTF-8', 'COLCON': '1', '_ZO_DOCTOR': '0', 'CMAKE_PREFIX_PATH': '/opt/ros/jazzy/opt/gz_math_vendor:/opt/ros/jazzy/opt/gz_utils_vendor:/opt/ros/jazzy/opt/gz_cmake_vendor'}, 'shell': False}
[2.118171] (-) TimerEvent: {}
[2.218539] (-) TimerEvent: {}
[2.324336] (-) TimerEvent: {}
[2.424720] (-) TimerEvent: {}
[2.525192] (-) TimerEvent: {}
[2.626336] (-) TimerEvent: {}
[2.729101] (-) TimerEvent: {}
[2.829390] (-) TimerEvent: {}
[2.929763] (-) TimerEvent: {}
[2.968445] (redshow_control) StdoutLine: {'line': b'running develop\n'}
[3.029934] (-) TimerEvent: {}
[3.130314] (-) TimerEvent: {}
[3.230921] (-) TimerEvent: {}
[3.331248] (-) TimerEvent: {}
[3.431827] (-) TimerEvent: {}
[3.492821] (redshow_control) StdoutLine: {'line': b'running egg_info\n'}
[3.526921] (redshow_control) StdoutLine: {'line': b'writing redshow_control.egg-info/PKG-INFO\n'}
[3.527677] (redshow_control) StdoutLine: {'line': b'writing dependency_links to redshow_control.egg-info/dependency_links.txt\n'}
[3.528593] (redshow_control) StdoutLine: {'line': b'writing entry points to redshow_control.egg-info/entry_points.txt\n'}
[3.528783] (redshow_control) StdoutLine: {'line': b'writing requirements to redshow_control.egg-info/requires.txt\n'}
[3.529337] (redshow_control) StdoutLine: {'line': b'writing top-level names to redshow_control.egg-info/top_level.txt\n'}
[3.531907] (-) TimerEvent: {}
[3.615842] (redshow_control) StdoutLine: {'line': b"reading manifest file 'redshow_control.egg-info/SOURCES.txt'\n"}
[3.619449] (redshow_control) StdoutLine: {'line': b"writing manifest file 'redshow_control.egg-info/SOURCES.txt'\n"}
[3.632202] (-) TimerEvent: {}
[3.657751] (redshow_control) StdoutLine: {'line': b'running build_ext\n'}
[3.659181] (redshow_control) StdoutLine: {'line': b'Creating /home/pi/ros2_ws/install/redshow_control/lib/python3.12/site-packages/redshow-control.egg-link (link to .)\n'}
[3.660546] (redshow_control) StdoutLine: {'line': b'Installing redshow_control_node script to /home/pi/ros2_ws/install/redshow_control/lib/redshow_control\n'}
[3.661128] (redshow_control) StdoutLine: {'line': b'\n'}
[3.661288] (redshow_control) StdoutLine: {'line': b'Installed /home/pi/ros2_ws/build/redshow_control\n'}
[3.661516] (redshow_control) StdoutLine: {'line': b'running symlink_data\n'}
[3.732348] (-) TimerEvent: {}
[3.833257] (-) TimerEvent: {}
[3.865822] (redshow_control) CommandEnded: {'returncode': 0}
[3.895291] (redshow_control) JobEnded: {'identifier': 'redshow_control', 'rc': 0}
[3.896726] (-) EventReactorShutdown: {}
