[0.500s] Invoking command in '/home/sol/redshow/build/redshow_control': PYTHONPATH=/home/sol/redshow/build/redshow_control/prefix_override:/home/sol/.local/lib/python3.10/site-packages/colcon_core/task/python/colcon_distutils_commands:/home/sol/redshow/install/redshow_control/lib/python3.10/site-packages:${PYTHONPATH} /usr/bin/python3 -W ignore:setup.py install is deprecated -W ignore:easy_install command is deprecated setup.py develop --editable --build-directory /home/sol/redshow/build/redshow_control/build --no-deps symlink_data
[0.658s] running develop
[0.749s] running egg_info
[0.749s] creating redshow_control.egg-info
[0.750s] writing redshow_control.egg-info/PKG-INFO
[0.750s] writing dependency_links to redshow_control.egg-info/dependency_links.txt
[0.750s] writing entry points to redshow_control.egg-info/entry_points.txt
[0.750s] writing requirements to redshow_control.egg-info/requires.txt
[0.750s] writing top-level names to redshow_control.egg-info/top_level.txt
[0.751s] writing manifest file 'redshow_control.egg-info/SOURCES.txt'
[0.752s] reading manifest file 'redshow_control.egg-info/SOURCES.txt'
[0.752s] writing manifest file 'redshow_control.egg-info/SOURCES.txt'
[0.754s] running build_ext
[0.754s] Creating /home/sol/redshow/install/redshow_control/lib/python3.10/site-packages/redshow-control.egg-link (link to .)
[0.755s] Installing bno085_test_node script to /home/sol/redshow/install/redshow_control/lib/redshow_control
[0.756s] Installing redshow_control_node script to /home/sol/redshow/install/redshow_control/lib/redshow_control
[0.756s] Installing test_adaptation_module_publisher script to /home/sol/redshow/install/redshow_control/lib/redshow_control
[0.756s] Installing test_feedback_publisher script to /home/sol/redshow/install/redshow_control/lib/redshow_control
[0.756s] 
[0.756s] Installed /home/sol/redshow/build/redshow_control
[0.756s] running symlink_data
[0.757s] creating /home/sol/redshow/install/redshow_control/share/ament_index
[0.757s] creating /home/sol/redshow/install/redshow_control/share/ament_index/resource_index
[0.757s] creating /home/sol/redshow/install/redshow_control/share/ament_index/resource_index/packages
[0.757s] symbolically linking /home/sol/redshow/build/redshow_control/resource/redshow_control -> /home/sol/redshow/install/redshow_control/share/ament_index/resource_index/packages
[0.757s] symbolically linking /home/sol/redshow/build/redshow_control/package.xml -> /home/sol/redshow/install/redshow_control/share/redshow_control
[0.791s] Invoked command in '/home/sol/redshow/build/redshow_control' returned '0': PYTHONPATH=/home/sol/redshow/build/redshow_control/prefix_override:/home/sol/.local/lib/python3.10/site-packages/colcon_core/task/python/colcon_distutils_commands:/home/sol/redshow/install/redshow_control/lib/python3.10/site-packages:${PYTHONPATH} /usr/bin/python3 -W ignore:setup.py install is deprecated -W ignore:easy_install command is deprecated setup.py develop --editable --build-directory /home/sol/redshow/build/redshow_control/build --no-deps symlink_data
